#
# There is insufficient memory for the Java Runtime Environment to continue.
# Native memory allocation (malloc) failed to allocate 32744 bytes for ChunkPool::allocate
# Possible reasons:
#   The system is out of physical RAM or swap space
#   The process is running with CompressedOops enabled, and the Java Heap may be blocking the growth of the native heap
# Possible solutions:
#   Reduce memory load on the system
#   Increase physical memory or swap space
#   Check if swap backing store is full
#   Decrease Java heap size (-Xmx/-Xms)
#   Decrease number of Java threads
#   Decrease Java thread stack sizes (-Xss)
#   Set larger code cache with -XX:ReservedCodeCacheSize=
#   JVM is running with Unscaled Compressed Oops mode in which the Java heap is
#     placed in the first 4GB address space. The Java Heap base address is the
#     maximum limit for the native heap growth. Please use -XX:HeapBaseMinAddress
#     to set the Java Heap base and to place the Java Heap above 4GB virtual address.
# This output file may be truncated or incomplete.
#
#  Out of Memory Error (arena.cpp:78), pid=14568, tid=10788
#
# JRE version: OpenJDK Runtime Environment Corretto-17.0.7.7.1 (17.0.7+7) (build 17.0.7+7-LTS)
# Java VM: OpenJDK 64-Bit Server VM Corretto-17.0.7.7.1 (17.0.7+7-LTS, mixed mode, sharing, tiered, compressed oops, compressed class ptrs, g1 gc, windows-amd64)
# No core dump will be written. Minidumps are not enabled by default on client versions of Windows
#

---------------  S U M M A R Y ------------

Command Line: -XX:+ShowCodeDetailsInExceptionMessages -agentlib:jdwp=transport=dt_socket,suspend=y,address=localhost:57994 -javaagent:C:\Users\user\eclipse\jee-2023-06\eclipse\configuration\org.eclipse.osgi\430\0\.cp\lib\javaagent-shaded.jar -Dfile.encoding=UTF-8 day05.Ex02_account

Host: Intel(R) Core(TM) i5-3470 CPU @ 3.20GHz, 4 cores, 7G,  Windows 10 , 64 bit Build 19041 (10.0.19041.207)
Time: Thu Jun 22 16:43:29 2023  Windows 10 , 64 bit Build 19041 (10.0.19041.207) elapsed time: 2608.867421 seconds (0d 0h 43m 28s)

---------------  T H R E A D  ---------------

Current thread (0x0000022250074220):  JavaThread "C2 CompilerThread0" daemon [_thread_in_native, id=10788, stack(0x000000f9ef200000,0x000000f9ef300000)]


Current CompileTask:
C2:2608867  503       4       org.eclipse.jdt.launching.internal.org.objectweb.asm.ClassReader::readUtf (44 bytes)

Stack: [0x000000f9ef200000,0x000000f9ef300000]
Native frames: (J=compiled Java code, j=interpreted, Vv=VM code, C=native code)
V  [jvm.dll+0x64b53a]
V  [jvm.dll+0x7fef54]
V  [jvm.dll+0x80070e]
V  [jvm.dll+0x800d63]
V  [jvm.dll+0x236a2b]
V  [jvm.dll+0xbd698]
V  [jvm.dll+0xbda5c]
V  [jvm.dll+0x5da0fd]
V  [jvm.dll+0x5da28b]
V  [jvm.dll+0x5da28b]
V  [jvm.dll+0x5dfcf7]
V  [jvm.dll+0x5e0b17]
V  [jvm.dll+0x5df111]
V  [jvm.dll+0x20ab86]
V  [jvm.dll+0x20a287]
V  [jvm.dll+0x19a2ed]
V  [jvm.dll+0x21967d]
V  [jvm.dll+0x2178c4]
V  [jvm.dll+0x7b7dcb]
V  [jvm.dll+0x7b237a]
V  [jvm.dll+0x64a3a5]
C  [ucrtbase.dll+0x21542]
C  [KERNEL32.DLL+0x16fd4]
C  [ntdll.dll+0x4cec1]


---------------  P R O C E S S  ---------------

Threads class SMR info:
_java_thread_list=0x00000222503fad00, length=15, elements={
0x00000222325758c0, 0x00000222500521f0, 0x0000022250053910, 0x000002225006a2b0,
0x0000022250070990, 0x0000022250070f50, 0x0000022250072920, 0x0000022250074220,
0x00000222500e3aa0, 0x00000222500e8860, 0x00000222501a8480, 0x000002225038aeb0,
0x000002225038bf40, 0x000002225038e600, 0x00000222504dedb0
}

Java Threads: ( => current thread )
  0x00000222325758c0 JavaThread "main" [_thread_in_native, id=5608, stack(0x000000f9ee500000,0x000000f9ee600000)]
  0x00000222500521f0 JavaThread "Reference Handler" daemon [_thread_blocked, id=19432, stack(0x000000f9eec00000,0x000000f9eed00000)]
  0x0000022250053910 JavaThread "Finalizer" daemon [_thread_blocked, id=17124, stack(0x000000f9eed00000,0x000000f9eee00000)]
  0x000002225006a2b0 JavaThread "Signal Dispatcher" daemon [_thread_blocked, id=18440, stack(0x000000f9eee00000,0x000000f9eef00000)]
  0x0000022250070990 JavaThread "Attach Listener" daemon [_thread_blocked, id=4052, stack(0x000000f9eef00000,0x000000f9ef000000)]
  0x0000022250070f50 JavaThread "Service Thread" daemon [_thread_blocked, id=17476, stack(0x000000f9ef000000,0x000000f9ef100000)]
  0x0000022250072920 JavaThread "Monitor Deflation Thread" daemon [_thread_blocked, id=14132, stack(0x000000f9ef100000,0x000000f9ef200000)]
=>0x0000022250074220 JavaThread "C2 CompilerThread0" daemon [_thread_in_native, id=10788, stack(0x000000f9ef200000,0x000000f9ef300000)]
  0x00000222500e3aa0 JavaThread "C1 CompilerThread0" daemon [_thread_blocked, id=16608, stack(0x000000f9ef300000,0x000000f9ef400000)]
  0x00000222500e8860 JavaThread "Sweeper thread" daemon [_thread_blocked, id=7064, stack(0x000000f9ef400000,0x000000f9ef500000)]
  0x00000222501a8480 JavaThread "Common-Cleaner" daemon [_thread_blocked, id=3960, stack(0x000000f9ef500000,0x000000f9ef600000)]
  0x000002225038aeb0 JavaThread "JDWP Transport Listener: dt_socket" daemon [_thread_blocked, id=10484, stack(0x000000f9ef600000,0x000000f9ef700000)]
  0x000002225038bf40 JavaThread "JDWP Event Helper Thread" daemon [_thread_blocked, id=4680, stack(0x000000f9ef700000,0x000000f9ef800000)]
  0x000002225038e600 JavaThread "JDWP Command Reader" daemon [_thread_in_native, id=18068, stack(0x000000f9ef800000,0x000000f9ef900000)]
  0x00000222504dedb0 JavaThread "Notification Thread" daemon [_thread_blocked, id=14524, stack(0x000000f9ef900000,0x000000f9efa00000)]

Other Threads:
  0x000002225004c590 VMThread "VM Thread" [stack: 0x000000f9eeb00000,0x000000f9eec00000] [id=15004]
  0x0000022232576870 WatcherThread [stack: 0x000000f9efa00000,0x000000f9efb00000] [id=16168]
  0x00000222325cf970 GCTaskThread "GC Thread#0" [stack: 0x000000f9ee600000,0x000000f9ee700000] [id=11480]
  0x00000222325dfc60 ConcurrentGCThread "G1 Main Marker" [stack: 0x000000f9ee700000,0x000000f9ee800000] [id=13956]
  0x00000222305ad160 ConcurrentGCThread "G1 Conc#0" [stack: 0x000000f9ee800000,0x000000f9ee900000] [id=17116]
  0x00000222305aecf0 ConcurrentGCThread "G1 Refine#0" [stack: 0x000000f9ee900000,0x000000f9eea00000] [id=11892]
  0x000002224ff10090 ConcurrentGCThread "G1 Service" [stack: 0x000000f9eea00000,0x000000f9eeb00000] [id=18188]

Threads with active compile tasks:
C2 CompilerThread0  2608885  503       4       org.eclipse.jdt.launching.internal.org.objectweb.asm.ClassReader::readUtf (44 bytes)

VM state: not at safepoint (normal execution)

VM Mutex/Monitor currently owned by a thread: None

Heap address: 0x0000000081a00000, size: 2022 MB, Compressed Oops mode: 32-bit

CDS archive(s) mapped at: [0x0000000800000000-0x0000000800bc0000-0x0000000800bc0000), size 12320768, SharedBaseAddress: 0x0000000800000000, ArchiveRelocationMode: 0.
Compressed class space mapped at: 0x0000000801000000-0x0000000841000000, reserved size: 1073741824
Narrow klass base: 0x0000000800000000, Narrow klass shift: 0, Narrow klass range: 0x100000000

GC Precious Log:
 CPUs: 4 total, 4 available
 Memory: 8086M
 Large Page Support: Disabled
 NUMA Support: Disabled
 Compressed Oops: Enabled (32-bit)
 Heap Region Size: 1M
 Heap Min Capacity: 8M
 Heap Initial Capacity: 128M
 Heap Max Capacity: 2022M
 Pre-touch: Disabled
 Parallel Workers: 4
 Concurrent Workers: 1
 Concurrent Refinement Workers: 4
 Periodic GC: Disabled

Heap:
 garbage-first heap   total 131072K, used 6144K [0x0000000081a00000, 0x0000000100000000)
  region size 1024K, 7 young (7168K), 0 survivors (0K)
 Metaspace       used 3098K, committed 3264K, reserved 1114112K
  class space    used 283K, committed 384K, reserved 1048576K

Heap Regions: E=young(eden), S=young(survivor), O=old, HS=humongous(starts), HC=humongous(continues), CS=collection set, F=free, OA=open archive, CA=closed archive, TAMS=top-at-mark-start (previous, next)
|   0|0x0000000081a00000, 0x0000000081a00000, 0x0000000081b00000|  0%| F|  |TAMS 0x0000000081a00000, 0x0000000081a00000| Untracked 
|   1|0x0000000081b00000, 0x0000000081b00000, 0x0000000081c00000|  0%| F|  |TAMS 0x0000000081b00000, 0x0000000081b00000| Untracked 
|   2|0x0000000081c00000, 0x0000000081c00000, 0x0000000081d00000|  0%| F|  |TAMS 0x0000000081c00000, 0x0000000081c00000| Untracked 
|   3|0x0000000081d00000, 0x0000000081d00000, 0x0000000081e00000|  0%| F|  |TAMS 0x0000000081d00000, 0x0000000081d00000| Untracked 
|   4|0x0000000081e00000, 0x0000000081e00000, 0x0000000081f00000|  0%| F|  |TAMS 0x0000000081e00000, 0x0000000081e00000| Untracked 
|   5|0x0000000081f00000, 0x0000000081f00000, 0x0000000082000000|  0%| F|  |TAMS 0x0000000081f00000, 0x0000000081f00000| Untracked 
|   6|0x0000000082000000, 0x0000000082000000, 0x0000000082100000|  0%| F|  |TAMS 0x0000000082000000, 0x0000000082000000| Untracked 
|   7|0x0000000082100000, 0x0000000082100000, 0x0000000082200000|  0%| F|  |TAMS 0x0000000082100000, 0x0000000082100000| Untracked 
|   8|0x0000000082200000, 0x0000000082200000, 0x0000000082300000|  0%| F|  |TAMS 0x0000000082200000, 0x0000000082200000| Untracked 
|   9|0x0000000082300000, 0x0000000082300000, 0x0000000082400000|  0%| F|  |TAMS 0x0000000082300000, 0x0000000082300000| Untracked 
|  10|0x0000000082400000, 0x0000000082400000, 0x0000000082500000|  0%| F|  |TAMS 0x0000000082400000, 0x0000000082400000| Untracked 
|  11|0x0000000082500000, 0x0000000082500000, 0x0000000082600000|  0%| F|  |TAMS 0x0000000082500000, 0x0000000082500000| Untracked 
|  12|0x0000000082600000, 0x0000000082600000, 0x0000000082700000|  0%| F|  |TAMS 0x0000000082600000, 0x0000000082600000| Untracked 
|  13|0x0000000082700000, 0x0000000082700000, 0x0000000082800000|  0%| F|  |TAMS 0x0000000082700000, 0x0000000082700000| Untracked 
|  14|0x0000000082800000, 0x0000000082800000, 0x0000000082900000|  0%| F|  |TAMS 0x0000000082800000, 0x0000000082800000| Untracked 
|  15|0x0000000082900000, 0x0000000082900000, 0x0000000082a00000|  0%| F|  |TAMS 0x0000000082900000, 0x0000000082900000| Untracked 
|  16|0x0000000082a00000, 0x0000000082a00000, 0x0000000082b00000|  0%| F|  |TAMS 0x0000000082a00000, 0x0000000082a00000| Untracked 
|  17|0x0000000082b00000, 0x0000000082b00000, 0x0000000082c00000|  0%| F|  |TAMS 0x0000000082b00000, 0x0000000082b00000| Untracked 
|  18|0x0000000082c00000, 0x0000000082c00000, 0x0000000082d00000|  0%| F|  |TAMS 0x0000000082c00000, 0x0000000082c00000| Untracked 
|  19|0x0000000082d00000, 0x0000000082d00000, 0x0000000082e00000|  0%| F|  |TAMS 0x0000000082d00000, 0x0000000082d00000| Untracked 
|  20|0x0000000082e00000, 0x0000000082e00000, 0x0000000082f00000|  0%| F|  |TAMS 0x0000000082e00000, 0x0000000082e00000| Untracked 
|  21|0x0000000082f00000, 0x0000000082f00000, 0x0000000083000000|  0%| F|  |TAMS 0x0000000082f00000, 0x0000000082f00000| Untracked 
|  22|0x0000000083000000, 0x0000000083000000, 0x0000000083100000|  0%| F|  |TAMS 0x0000000083000000, 0x0000000083000000| Untracked 
|  23|0x0000000083100000, 0x0000000083100000, 0x0000000083200000|  0%| F|  |TAMS 0x0000000083100000, 0x0000000083100000| Untracked 
|  24|0x0000000083200000, 0x0000000083200000, 0x0000000083300000|  0%| F|  |TAMS 0x0000000083200000, 0x0000000083200000| Untracked 
|  25|0x0000000083300000, 0x0000000083300000, 0x0000000083400000|  0%| F|  |TAMS 0x0000000083300000, 0x0000000083300000| Untracked 
|  26|0x0000000083400000, 0x0000000083400000, 0x0000000083500000|  0%| F|  |TAMS 0x0000000083400000, 0x0000000083400000| Untracked 
|  27|0x0000000083500000, 0x0000000083500000, 0x0000000083600000|  0%| F|  |TAMS 0x0000000083500000, 0x0000000083500000| Untracked 
|  28|0x0000000083600000, 0x0000000083600000, 0x0000000083700000|  0%| F|  |TAMS 0x0000000083600000, 0x0000000083600000| Untracked 
|  29|0x0000000083700000, 0x0000000083700000, 0x0000000083800000|  0%| F|  |TAMS 0x0000000083700000, 0x0000000083700000| Untracked 
|  30|0x0000000083800000, 0x0000000083800000, 0x0000000083900000|  0%| F|  |TAMS 0x0000000083800000, 0x0000000083800000| Untracked 
|  31|0x0000000083900000, 0x0000000083900000, 0x0000000083a00000|  0%| F|  |TAMS 0x0000000083900000, 0x0000000083900000| Untracked 
|  32|0x0000000083a00000, 0x0000000083a00000, 0x0000000083b00000|  0%| F|  |TAMS 0x0000000083a00000, 0x0000000083a00000| Untracked 
|  33|0x0000000083b00000, 0x0000000083b00000, 0x0000000083c00000|  0%| F|  |TAMS 0x0000000083b00000, 0x0000000083b00000| Untracked 
|  34|0x0000000083c00000, 0x0000000083c00000, 0x0000000083d00000|  0%| F|  |TAMS 0x0000000083c00000, 0x0000000083c00000| Untracked 
|  35|0x0000000083d00000, 0x0000000083d00000, 0x0000000083e00000|  0%| F|  |TAMS 0x0000000083d00000, 0x0000000083d00000| Untracked 
|  36|0x0000000083e00000, 0x0000000083e00000, 0x0000000083f00000|  0%| F|  |TAMS 0x0000000083e00000, 0x0000000083e00000| Untracked 
|  37|0x0000000083f00000, 0x0000000083f00000, 0x0000000084000000|  0%| F|  |TAMS 0x0000000083f00000, 0x0000000083f00000| Untracked 
|  38|0x0000000084000000, 0x0000000084000000, 0x0000000084100000|  0%| F|  |TAMS 0x0000000084000000, 0x0000000084000000| Untracked 
|  39|0x0000000084100000, 0x0000000084100000, 0x0000000084200000|  0%| F|  |TAMS 0x0000000084100000, 0x0000000084100000| Untracked 
|  40|0x0000000084200000, 0x0000000084200000, 0x0000000084300000|  0%| F|  |TAMS 0x0000000084200000, 0x0000000084200000| Untracked 
|  41|0x0000000084300000, 0x0000000084300000, 0x0000000084400000|  0%| F|  |TAMS 0x0000000084300000, 0x0000000084300000| Untracked 
|  42|0x0000000084400000, 0x0000000084400000, 0x0000000084500000|  0%| F|  |TAMS 0x0000000084400000, 0x0000000084400000| Untracked 
|  43|0x0000000084500000, 0x0000000084500000, 0x0000000084600000|  0%| F|  |TAMS 0x0000000084500000, 0x0000000084500000| Untracked 
|  44|0x0000000084600000, 0x0000000084600000, 0x0000000084700000|  0%| F|  |TAMS 0x0000000084600000, 0x0000000084600000| Untracked 
|  45|0x0000000084700000, 0x0000000084700000, 0x0000000084800000|  0%| F|  |TAMS 0x0000000084700000, 0x0000000084700000| Untracked 
|  46|0x0000000084800000, 0x0000000084800000, 0x0000000084900000|  0%| F|  |TAMS 0x0000000084800000, 0x0000000084800000| Untracked 
|  47|0x0000000084900000, 0x0000000084900000, 0x0000000084a00000|  0%| F|  |TAMS 0x0000000084900000, 0x0000000084900000| Untracked 
|  48|0x0000000084a00000, 0x0000000084a00000, 0x0000000084b00000|  0%| F|  |TAMS 0x0000000084a00000, 0x0000000084a00000| Untracked 
|  49|0x0000000084b00000, 0x0000000084b00000, 0x0000000084c00000|  0%| F|  |TAMS 0x0000000084b00000, 0x0000000084b00000| Untracked 
|  50|0x0000000084c00000, 0x0000000084c00000, 0x0000000084d00000|  0%| F|  |TAMS 0x0000000084c00000, 0x0000000084c00000| Untracked 
|  51|0x0000000084d00000, 0x0000000084d00000, 0x0000000084e00000|  0%| F|  |TAMS 0x0000000084d00000, 0x0000000084d00000| Untracked 
|  52|0x0000000084e00000, 0x0000000084e00000, 0x0000000084f00000|  0%| F|  |TAMS 0x0000000084e00000, 0x0000000084e00000| Untracked 
|  53|0x0000000084f00000, 0x0000000084f00000, 0x0000000085000000|  0%| F|  |TAMS 0x0000000084f00000, 0x0000000084f00000| Untracked 
|  54|0x0000000085000000, 0x0000000085000000, 0x0000000085100000|  0%| F|  |TAMS 0x0000000085000000, 0x0000000085000000| Untracked 
|  55|0x0000000085100000, 0x0000000085100000, 0x0000000085200000|  0%| F|  |TAMS 0x0000000085100000, 0x0000000085100000| Untracked 
|  56|0x0000000085200000, 0x0000000085200000, 0x0000000085300000|  0%| F|  |TAMS 0x0000000085200000, 0x0000000085200000| Untracked 
|  57|0x0000000085300000, 0x0000000085300000, 0x0000000085400000|  0%| F|  |TAMS 0x0000000085300000, 0x0000000085300000| Untracked 
|  58|0x0000000085400000, 0x0000000085400000, 0x0000000085500000|  0%| F|  |TAMS 0x0000000085400000, 0x0000000085400000| Untracked 
|  59|0x0000000085500000, 0x0000000085500000, 0x0000000085600000|  0%| F|  |TAMS 0x0000000085500000, 0x0000000085500000| Untracked 
|  60|0x0000000085600000, 0x0000000085600000, 0x0000000085700000|  0%| F|  |TAMS 0x0000000085600000, 0x0000000085600000| Untracked 
|  61|0x0000000085700000, 0x0000000085700000, 0x0000000085800000|  0%| F|  |TAMS 0x0000000085700000, 0x0000000085700000| Untracked 
|  62|0x0000000085800000, 0x0000000085800000, 0x0000000085900000|  0%| F|  |TAMS 0x0000000085800000, 0x0000000085800000| Untracked 
|  63|0x0000000085900000, 0x0000000085900000, 0x0000000085a00000|  0%| F|  |TAMS 0x0000000085900000, 0x0000000085900000| Untracked 
|  64|0x0000000085a00000, 0x0000000085a00000, 0x0000000085b00000|  0%| F|  |TAMS 0x0000000085a00000, 0x0000000085a00000| Untracked 
|  65|0x0000000085b00000, 0x0000000085b00000, 0x0000000085c00000|  0%| F|  |TAMS 0x0000000085b00000, 0x0000000085b00000| Untracked 
|  66|0x0000000085c00000, 0x0000000085c00000, 0x0000000085d00000|  0%| F|  |TAMS 0x0000000085c00000, 0x0000000085c00000| Untracked 
|  67|0x0000000085d00000, 0x0000000085d00000, 0x0000000085e00000|  0%| F|  |TAMS 0x0000000085d00000, 0x0000000085d00000| Untracked 
|  68|0x0000000085e00000, 0x0000000085e00000, 0x0000000085f00000|  0%| F|  |TAMS 0x0000000085e00000, 0x0000000085e00000| Untracked 
|  69|0x0000000085f00000, 0x0000000085f00000, 0x0000000086000000|  0%| F|  |TAMS 0x0000000085f00000, 0x0000000085f00000| Untracked 
|  70|0x0000000086000000, 0x0000000086000000, 0x0000000086100000|  0%| F|  |TAMS 0x0000000086000000, 0x0000000086000000| Untracked 
|  71|0x0000000086100000, 0x0000000086100000, 0x0000000086200000|  0%| F|  |TAMS 0x0000000086100000, 0x0000000086100000| Untracked 
|  72|0x0000000086200000, 0x0000000086200000, 0x0000000086300000|  0%| F|  |TAMS 0x0000000086200000, 0x0000000086200000| Untracked 
|  73|0x0000000086300000, 0x0000000086300000, 0x0000000086400000|  0%| F|  |TAMS 0x0000000086300000, 0x0000000086300000| Untracked 
|  74|0x0000000086400000, 0x0000000086400000, 0x0000000086500000|  0%| F|  |TAMS 0x0000000086400000, 0x0000000086400000| Untracked 
|  75|0x0000000086500000, 0x0000000086500000, 0x0000000086600000|  0%| F|  |TAMS 0x0000000086500000, 0x0000000086500000| Untracked 
|  76|0x0000000086600000, 0x0000000086600000, 0x0000000086700000|  0%| F|  |TAMS 0x0000000086600000, 0x0000000086600000| Untracked 
|  77|0x0000000086700000, 0x0000000086700000, 0x0000000086800000|  0%| F|  |TAMS 0x0000000086700000, 0x0000000086700000| Untracked 
|  78|0x0000000086800000, 0x0000000086800000, 0x0000000086900000|  0%| F|  |TAMS 0x0000000086800000, 0x0000000086800000| Untracked 
|  79|0x0000000086900000, 0x0000000086900000, 0x0000000086a00000|  0%| F|  |TAMS 0x0000000086900000, 0x0000000086900000| Untracked 
|  80|0x0000000086a00000, 0x0000000086a00000, 0x0000000086b00000|  0%| F|  |TAMS 0x0000000086a00000, 0x0000000086a00000| Untracked 
|  81|0x0000000086b00000, 0x0000000086b00000, 0x0000000086c00000|  0%| F|  |TAMS 0x0000000086b00000, 0x0000000086b00000| Untracked 
|  82|0x0000000086c00000, 0x0000000086c00000, 0x0000000086d00000|  0%| F|  |TAMS 0x0000000086c00000, 0x0000000086c00000| Untracked 
|  83|0x0000000086d00000, 0x0000000086d00000, 0x0000000086e00000|  0%| F|  |TAMS 0x0000000086d00000, 0x0000000086d00000| Untracked 
|  84|0x0000000086e00000, 0x0000000086e00000, 0x0000000086f00000|  0%| F|  |TAMS 0x0000000086e00000, 0x0000000086e00000| Untracked 
|  85|0x0000000086f00000, 0x0000000086f00000, 0x0000000087000000|  0%| F|  |TAMS 0x0000000086f00000, 0x0000000086f00000| Untracked 
|  86|0x0000000087000000, 0x0000000087000000, 0x0000000087100000|  0%| F|  |TAMS 0x0000000087000000, 0x0000000087000000| Untracked 
|  87|0x0000000087100000, 0x0000000087100000, 0x0000000087200000|  0%| F|  |TAMS 0x0000000087100000, 0x0000000087100000| Untracked 
|  88|0x0000000087200000, 0x0000000087200000, 0x0000000087300000|  0%| F|  |TAMS 0x0000000087200000, 0x0000000087200000| Untracked 
|  89|0x0000000087300000, 0x0000000087300000, 0x0000000087400000|  0%| F|  |TAMS 0x0000000087300000, 0x0000000087300000| Untracked 
|  90|0x0000000087400000, 0x0000000087400000, 0x0000000087500000|  0%| F|  |TAMS 0x0000000087400000, 0x0000000087400000| Untracked 
|  91|0x0000000087500000, 0x0000000087500000, 0x0000000087600000|  0%| F|  |TAMS 0x0000000087500000, 0x0000000087500000| Untracked 
|  92|0x0000000087600000, 0x0000000087600000, 0x0000000087700000|  0%| F|  |TAMS 0x0000000087600000, 0x0000000087600000| Untracked 
|  93|0x0000000087700000, 0x0000000087700000, 0x0000000087800000|  0%| F|  |TAMS 0x0000000087700000, 0x0000000087700000| Untracked 
|  94|0x0000000087800000, 0x0000000087800000, 0x0000000087900000|  0%| F|  |TAMS 0x0000000087800000, 0x0000000087800000| Untracked 
|  95|0x0000000087900000, 0x0000000087900000, 0x0000000087a00000|  0%| F|  |TAMS 0x0000000087900000, 0x0000000087900000| Untracked 
|  96|0x0000000087a00000, 0x0000000087a00000, 0x0000000087b00000|  0%| F|  |TAMS 0x0000000087a00000, 0x0000000087a00000| Untracked 
|  97|0x0000000087b00000, 0x0000000087b00000, 0x0000000087c00000|  0%| F|  |TAMS 0x0000000087b00000, 0x0000000087b00000| Untracked 
|  98|0x0000000087c00000, 0x0000000087c00000, 0x0000000087d00000|  0%| F|  |TAMS 0x0000000087c00000, 0x0000000087c00000| Untracked 
|  99|0x0000000087d00000, 0x0000000087d00000, 0x0000000087e00000|  0%| F|  |TAMS 0x0000000087d00000, 0x0000000087d00000| Untracked 
| 100|0x0000000087e00000, 0x0000000087e00000, 0x0000000087f00000|  0%| F|  |TAMS 0x0000000087e00000, 0x0000000087e00000| Untracked 
| 101|0x0000000087f00000, 0x0000000087f00000, 0x0000000088000000|  0%| F|  |TAMS 0x0000000087f00000, 0x0000000087f00000| Untracked 
| 102|0x0000000088000000, 0x0000000088000000, 0x0000000088100000|  0%| F|  |TAMS 0x0000000088000000, 0x0000000088000000| Untracked 
| 103|0x0000000088100000, 0x0000000088100000, 0x0000000088200000|  0%| F|  |TAMS 0x0000000088100000, 0x0000000088100000| Untracked 
| 104|0x0000000088200000, 0x0000000088200000, 0x0000000088300000|  0%| F|  |TAMS 0x0000000088200000, 0x0000000088200000| Untracked 
| 105|0x0000000088300000, 0x0000000088300000, 0x0000000088400000|  0%| F|  |TAMS 0x0000000088300000, 0x0000000088300000| Untracked 
| 106|0x0000000088400000, 0x0000000088400000, 0x0000000088500000|  0%| F|  |TAMS 0x0000000088400000, 0x0000000088400000| Untracked 
| 107|0x0000000088500000, 0x0000000088500000, 0x0000000088600000|  0%| F|  |TAMS 0x0000000088500000, 0x0000000088500000| Untracked 
| 108|0x0000000088600000, 0x0000000088600000, 0x0000000088700000|  0%| F|  |TAMS 0x0000000088600000, 0x0000000088600000| Untracked 
| 109|0x0000000088700000, 0x0000000088700000, 0x0000000088800000|  0%| F|  |TAMS 0x0000000088700000, 0x0000000088700000| Untracked 
| 110|0x0000000088800000, 0x0000000088800000, 0x0000000088900000|  0%| F|  |TAMS 0x0000000088800000, 0x0000000088800000| Untracked 
| 111|0x0000000088900000, 0x0000000088900000, 0x0000000088a00000|  0%| F|  |TAMS 0x0000000088900000, 0x0000000088900000| Untracked 
| 112|0x0000000088a00000, 0x0000000088a00000, 0x0000000088b00000|  0%| F|  |TAMS 0x0000000088a00000, 0x0000000088a00000| Untracked 
| 113|0x0000000088b00000, 0x0000000088b00000, 0x0000000088c00000|  0%| F|  |TAMS 0x0000000088b00000, 0x0000000088b00000| Untracked 
| 114|0x0000000088c00000, 0x0000000088c00000, 0x0000000088d00000|  0%| F|  |TAMS 0x0000000088c00000, 0x0000000088c00000| Untracked 
| 115|0x0000000088d00000, 0x0000000088d00000, 0x0000000088e00000|  0%| F|  |TAMS 0x0000000088d00000, 0x0000000088d00000| Untracked 
| 116|0x0000000088e00000, 0x0000000088e00000, 0x0000000088f00000|  0%| F|  |TAMS 0x0000000088e00000, 0x0000000088e00000| Untracked 
| 117|0x0000000088f00000, 0x0000000088f00000, 0x0000000089000000|  0%| F|  |TAMS 0x0000000088f00000, 0x0000000088f00000| Untracked 
| 118|0x0000000089000000, 0x0000000089000000, 0x0000000089100000|  0%| F|  |TAMS 0x0000000089000000, 0x0000000089000000| Untracked 
| 119|0x0000000089100000, 0x0000000089100000, 0x0000000089200000|  0%| F|  |TAMS 0x0000000089100000, 0x0000000089100000| Untracked 
| 120|0x0000000089200000, 0x0000000089200000, 0x0000000089300000|  0%| F|  |TAMS 0x0000000089200000, 0x0000000089200000| Untracked 
| 121|0x0000000089300000, 0x00000000893d3900, 0x0000000089400000| 82%| E|  |TAMS 0x0000000089300000, 0x0000000089300000| Complete 
| 122|0x0000000089400000, 0x0000000089500000, 0x0000000089500000|100%| E|CS|TAMS 0x0000000089400000, 0x0000000089400000| Complete 
| 123|0x0000000089500000, 0x0000000089600000, 0x0000000089600000|100%| E|CS|TAMS 0x0000000089500000, 0x0000000089500000| Complete 
| 124|0x0000000089600000, 0x0000000089700000, 0x0000000089700000|100%| E|CS|TAMS 0x0000000089600000, 0x0000000089600000| Complete 
| 125|0x0000000089700000, 0x0000000089800000, 0x0000000089800000|100%| E|CS|TAMS 0x0000000089700000, 0x0000000089700000| Complete 
| 126|0x0000000089800000, 0x0000000089900000, 0x0000000089900000|100%| E|CS|TAMS 0x0000000089800000, 0x0000000089800000| Complete 
| 127|0x0000000089900000, 0x0000000089a00000, 0x0000000089a00000|100%| E|CS|TAMS 0x0000000089900000, 0x0000000089900000| Complete 

Card table byte_map: [0x0000022249490000,0x0000022249890000] _byte_map_base: 0x0000022249083000

Marking Bits (Prev, Next): (CMBitMap*) 0x00000222305ab840, (CMBitMap*) 0x00000222305ab880
 Prev Bits: [0x0000022249c90000, 0x000002224bc28000)
 Next Bits: [0x000002224bc30000, 0x000002224dbc8000)

Polling page: 0x0000022230440000

Metaspace:

Usage:
  Non-class:      2.75 MB used.
      Class:    283.10 KB used.
       Both:      3.03 MB used.

Virtual space:
  Non-class space:       64.00 MB reserved,       2.81 MB (  4%) committed,  1 nodes.
      Class space:        1.00 GB reserved,     384.00 KB ( <1%) committed,  1 nodes.
             Both:        1.06 GB reserved,       3.19 MB ( <1%) committed. 

Chunk freelists:
   Non-Class:  11.69 MB
       Class:  15.59 MB
        Both:  27.28 MB

MaxMetaspaceSize: unlimited
CompressedClassSpaceSize: 1.00 GB
Initial GC threshold: 21.00 MB
Current GC threshold: 21.00 MB
CDS: on
MetaspaceReclaimPolicy: balanced
 - commit_granule_bytes: 65536.
 - commit_granule_words: 8192.
 - virtual_space_node_default_size: 8388608.
 - enlarge_chunks_in_place: 1.
 - new_chunks_are_fully_committed: 0.
 - uncommit_free_chunks: 1.
 - use_allocation_guard: 0.
 - handle_deallocations: 1.


Internal statistics:

num_allocs_failed_limit: 0.
num_arena_births: 10.
num_arena_deaths: 0.
num_vsnodes_births: 2.
num_vsnodes_deaths: 0.
num_space_committed: 51.
num_space_uncommitted: 0.
num_chunks_returned_to_freelist: 0.
num_chunks_taken_from_freelist: 35.
num_chunk_merges: 0.
num_chunk_splits: 21.
num_chunks_enlarged: 13.
num_inconsistent_stats: 0.

CodeHeap 'non-profiled nmethods': size=120000Kb used=148Kb max_used=148Kb free=119852Kb
 bounds [0x0000022241b60000, 0x0000022241dd0000, 0x0000022249090000]
CodeHeap 'profiled nmethods': size=120000Kb used=753Kb max_used=753Kb free=119246Kb
 bounds [0x000002223a090000, 0x000002223a300000, 0x00000222415c0000]
CodeHeap 'non-nmethods': size=5760Kb used=1216Kb max_used=1232Kb free=4544Kb
 bounds [0x00000222415c0000, 0x0000022241830000, 0x0000022241b60000]
 total_blobs=926 nmethods=489 adapters=350
 compilation: enabled
              stopped_count=0, restarted_count=0
 full_count=0

Compilation events (20 events):
Event: 1656.523 Thread 0x00000222500e3aa0 nmethod 493 0x000002223a14ad10 code [0x000002223a14afa0, 0x000002223a14b8a8]
Event: 1656.523 Thread 0x00000222500e3aa0  494       3       org.eclipse.jdt.launching.internal.org.objectweb.asm.SymbolTable::addConstantMemberReference (29 bytes)
Event: 1656.523 Thread 0x00000222500e3aa0 nmethod 494 0x000002223a14bc10 code [0x000002223a14be00, 0x000002223a14c1c8]
Event: 1656.523 Thread 0x00000222500e3aa0  495       3       org.eclipse.jdt.launching.internal.org.objectweb.asm.SymbolTable::hash (20 bytes)
Event: 1656.526 Thread 0x00000222500e3aa0 

Event: 1717.293 Thread 0x0000022250074220  496       4       org.eclipse.jdt.launching.internal.org.objectweb.asm.ClassReader::getItem (7 bytes)
Event: 1717.295 Thread 0x0000022250074220 

Event: 2327.116 Thread 0x00000222500e3aa0  497       3       org.eclipse.jdt.launching.internal.org.objectweb.asm.SymbolTable::addConstantUtf8 (98 bytes)
Event: 2327.119 Thread 0x00000222500e3aa0 

Event: 2383.542 Thread 0x0000022250074220  498       4       java.lang.String::hashCode (60 bytes)
Event: 2383.549 Thread 0x0000022250074220 

Event: 2434.172 Thread 0x0000022250074220  499       4       org.eclipse.jdt.launching.internal.org.objectweb.asm.ClassReader::readUtf (161 bytes)
Event: 2434.185 Thread 0x0000022250074220 

Event: 2457.417 Thread 0x0000022250074220  500       4       org.eclipse.jdt.launching.internal.org.objectweb.asm.ClassReader::readUtf (161 bytes)
Event: 2457.431 Thread 0x0000022250074220 

Event: 2536.738 Thread 0x00000222500e3aa0  501       1       org.eclipse.jdt.launching.internal.org.objectweb.asm.SymbolTable::getMajorVersion (5 bytes)
Event: 2536.738 Thread 0x00000222500e3aa0 nmethod 501 0x0000022241b84a10 code [0x0000022241b84ba0, 0x0000022241b84c78]
Event: 2536.738 Thread 0x00000222500e3aa0  502       1       org.eclipse.jdt.launching.internal.org.objectweb.asm.SymbolTable::getSource (5 bytes)
Event: 2536.738 Thread 0x00000222500e3aa0 nmethod 502 0x0000022241b84d10 code [0x0000022241b84ea0, 0x0000022241b84f78]
Event: 2608.857 Thread 0x0000022250074220  503       4       org.eclipse.jdt.launching.internal.org.objectweb.asm.ClassReader::readUtf (44 bytes)

GC Heap History (0 events):
No events

Dll operation events (9 events):
Event: 0.018 Loaded shared library C:\Program Files\Amazon Corretto\jdk17.0.7_7\bin\java.dll
Event: 0.032 Loaded shared library C:\Program Files\Amazon Corretto\jdk17.0.7_7\bin\jsvml.dll
Event: 0.286 Loaded shared library C:\Program Files\Amazon Corretto\jdk17.0.7_7\bin\zip.dll
Event: 0.292 Loaded shared library C:\Program Files\Amazon Corretto\jdk17.0.7_7\bin\instrument.dll
Event: 0.301 Loaded shared library C:\Program Files\Amazon Corretto\jdk17.0.7_7\bin\net.dll
Event: 0.303 Loaded shared library C:\Program Files\Amazon Corretto\jdk17.0.7_7\bin\nio.dll
Event: 0.307 Loaded shared library C:\Program Files\Amazon Corretto\jdk17.0.7_7\bin\zip.dll
Event: 0.383 Loaded shared library C:\Program Files\Amazon Corretto\jdk17.0.7_7\bin\jimage.dll
Event: 0.428 Loaded shared library C:\Program Files\Amazon Corretto\jdk17.0.7_7\bin\verify.dll

Deoptimization events (20 events):
Event: 0.445 Thread 0x00000222325758c0 DEOPT PACKING pc=0x000002223a10fcb4 sp=0x000000f9ee5f81d0
Event: 0.445 Thread 0x00000222325758c0 DEOPT UNPACKING pc=0x0000022241617143 sp=0x000000f9ee5f7638 mode 0
Event: 0.446 Thread 0x00000222325758c0 DEOPT PACKING pc=0x000002223a10fcb4 sp=0x000000f9ee5fbc70
Event: 0.446 Thread 0x00000222325758c0 DEOPT UNPACKING pc=0x0000022241617143 sp=0x000000f9ee5fb0d8 mode 0
Event: 0.448 Thread 0x00000222325758c0 DEOPT PACKING pc=0x000002223a10fcb4 sp=0x000000f9ee5f8090
Event: 0.448 Thread 0x00000222325758c0 DEOPT UNPACKING pc=0x0000022241617143 sp=0x000000f9ee5f74f8 mode 0
Event: 0.451 Thread 0x00000222325758c0 DEOPT PACKING pc=0x000002223a10fcb4 sp=0x000000f9ee5fbba0
Event: 0.451 Thread 0x00000222325758c0 DEOPT UNPACKING pc=0x0000022241617143 sp=0x000000f9ee5fb008 mode 0
Event: 0.452 Thread 0x00000222325758c0 Uncommon trap: trap_request=0xffffff45 fr.pc=0x0000022241b694c0 relative=0x00000000000001c0
Event: 0.452 Thread 0x00000222325758c0 Uncommon trap: reason=unstable_if action=reinterpret pc=0x0000022241b694c0 method=java.lang.String.isLatin1()Z @ 10 c2
Event: 0.452 Thread 0x00000222325758c0 DEOPT PACKING pc=0x0000022241b694c0 sp=0x000000f9ee5fcc10
Event: 0.452 Thread 0x00000222325758c0 DEOPT UNPACKING pc=0x00000222416169a3 sp=0x000000f9ee5fcb48 mode 2
Event: 0.453 Thread 0x00000222325758c0 DEOPT PACKING pc=0x000002223a10fcb4 sp=0x000000f9ee5fbc70
Event: 0.453 Thread 0x00000222325758c0 DEOPT UNPACKING pc=0x0000022241617143 sp=0x000000f9ee5fb0d8 mode 0
Event: 0.457 Thread 0x00000222325758c0 DEOPT PACKING pc=0x000002223a10fcb4 sp=0x000000f9ee5f7dc0
Event: 0.457 Thread 0x00000222325758c0 DEOPT UNPACKING pc=0x0000022241617143 sp=0x000000f9ee5f7228 mode 0
Event: 0.487 Thread 0x00000222325758c0 Uncommon trap: trap_request=0xffffff45 fr.pc=0x0000022241b72048 relative=0x0000000000000048
Event: 0.487 Thread 0x00000222325758c0 Uncommon trap: reason=unstable_if action=reinterpret pc=0x0000022241b72048 method=java.lang.CharacterData.of(I)Ljava/lang/CharacterData; @ 4 c2
Event: 0.487 Thread 0x00000222325758c0 DEOPT PACKING pc=0x0000022241b72048 sp=0x000000f9ee5fea00
Event: 0.487 Thread 0x00000222325758c0 DEOPT UNPACKING pc=0x00000222416169a3 sp=0x000000f9ee5fe9a0 mode 2

Classes unloaded (0 events):
No events

Classes redefined (20 events):
Event: 760.010 Thread 0x000002225004c590 redefined class name=day05.Ex02_account, count=9
Event: 787.991 Thread 0x000002225004c590 redefined class name=day05.Ex02_account, count=10
Event: 879.483 Thread 0x000002225004c590 redefined class name=day05.Ex02_account, count=11
Event: 934.153 Thread 0x000002225004c590 redefined class name=day05.Ex02_account, count=12
Event: 960.728 Thread 0x000002225004c590 redefined class name=day05.Ex02_account, count=13
Event: 975.993 Thread 0x000002225004c590 redefined class name=day05.Ex02_account, count=14
Event: 1001.754 Thread 0x000002225004c590 redefined class name=day05.Ex02_account, count=15
Event: 1129.303 Thread 0x000002225004c590 redefined class name=day05.Ex02_account, count=16
Event: 1357.950 Thread 0x000002225004c590 redefined class name=day05.Ex02_account, count=17
Event: 1411.406 Thread 0x000002225004c590 redefined class name=day05.Ex02_account, count=18
Event: 1504.042 Thread 0x000002225004c590 redefined class name=day05.Ex02_account, count=19
Event: 1656.524 Thread 0x000002225004c590 redefined class name=day05.Ex02_account, count=20
Event: 1717.294 Thread 0x000002225004c590 redefined class name=day05.Ex02_account, count=21
Event: 1778.981 Thread 0x000002225004c590 redefined class name=day05.Ex02_account, count=22
Event: 2327.118 Thread 0x000002225004c590 redefined class name=day05.Ex02_account, count=23
Event: 2383.547 Thread 0x000002225004c590 redefined class name=day05.Ex02_account, count=24
Event: 2434.174 Thread 0x000002225004c590 redefined class name=day05.Ex02_account, count=25
Event: 2457.419 Thread 0x000002225004c590 redefined class name=day05.Ex02_account, count=26
Event: 2536.739 Thread 0x000002225004c590 redefined class name=day05.Ex02_account, count=27
Event: 2608.860 Thread 0x000002225004c590 redefined class name=day05.Ex02_account, count=28

Internal exceptions (0 events):
No events

VM Operations (20 events):
Event: 1504.041 Executing VM operation: RedefineClasses
Event: 1504.043 Executing VM operation: RedefineClasses done
Event: 1656.523 Executing VM operation: RedefineClasses
Event: 1656.526 Executing VM operation: RedefineClasses done
Event: 1717.293 Executing VM operation: RedefineClasses
Event: 1717.295 Executing VM operation: RedefineClasses done
Event: 1778.980 Executing VM operation: RedefineClasses
Event: 1778.983 Executing VM operation: RedefineClasses done
Event: 2327.117 Executing VM operation: RedefineClasses
Event: 2327.119 Executing VM operation: RedefineClasses done
Event: 2383.546 Executing VM operation: RedefineClasses
Event: 2383.549 Executing VM operation: RedefineClasses done
Event: 2434.173 Executing VM operation: RedefineClasses
Event: 2434.177 Executing VM operation: RedefineClasses done
Event: 2457.418 Executing VM operation: RedefineClasses
Event: 2457.420 Executing VM operation: RedefineClasses done
Event: 2536.738 Executing VM operation: RedefineClasses
Event: 2536.741 Executing VM operation: RedefineClasses done
Event: 2608.860 Executing VM operation: RedefineClasses
Event: 2608.862 Executing VM operation: RedefineClasses done

Events (20 events):
Event: 0.473 loading class java/lang/WeakPairMap$Pair$Weak
Event: 0.474 loading class java/lang/WeakPairMap$WeakRefPeer
Event: 0.474 loading class java/lang/WeakPairMap$WeakRefPeer done
Event: 0.474 loading class java/lang/WeakPairMap$Pair$Weak done
Event: 0.474 loading class java/lang/WeakPairMap$Pair$Weak$1
Event: 0.474 loading class java/lang/WeakPairMap$Pair$Weak$1 done
Event: 0.478 loading class sun/util/resources/LocaleData$CommonResourceBundleProvider
Event: 0.478 loading class sun/util/resources/LocaleData$LocaleDataResourceBundleProvider
Event: 0.478 loading class java/util/spi/ResourceBundleProvider
Event: 0.478 loading class java/util/spi/ResourceBundleProvider done
Event: 0.478 loading class sun/util/resources/LocaleData$LocaleDataResourceBundleProvider done
Event: 0.479 loading class sun/util/resources/LocaleData$CommonResourceBundleProvider done
Event: 0.480 loading class sun/util/resources/Bundles$2
Event: 0.480 loading class sun/util/resources/Bundles$2 done
Event: 0.481 loading class java/lang/InstantiationException
Event: 0.481 loading class java/lang/InstantiationException done
Event: 0.481 loading class java/lang/IllegalAccessException
Event: 0.481 loading class java/lang/IllegalAccessException done
Event: 2.323 loading class java/util/regex/Pattern$1
Event: 2.323 loading class java/util/regex/Pattern$1 done


Dynamic libraries:
0x00007ff7e2ba0000 - 0x00007ff7e2bad000 	C:\Program Files\Amazon Corretto\jdk17.0.7_7\bin\javaw.exe
0x00007ffe6fe70000 - 0x00007ffe70064000 	C:\Windows\SYSTEM32\ntdll.dll
0x00007ffe6e580000 - 0x00007ffe6e63d000 	C:\Windows\System32\KERNEL32.DLL
0x00007ffe6da90000 - 0x00007ffe6dd57000 	C:\Windows\System32\KERNELBASE.dll
0x00007ffe6dd60000 - 0x00007ffe6de60000 	C:\Windows\System32\ucrtbase.dll
0x00007ffe64920000 - 0x00007ffe64937000 	C:\Program Files\Amazon Corretto\jdk17.0.7_7\bin\jli.dll
0x00007ffe6f430000 - 0x00007ffe6f5d0000 	C:\Windows\System32\USER32.dll
0x00007ffe6d9b0000 - 0x00007ffe6d9d2000 	C:\Windows\System32\win32u.dll
0x00007ffe6f190000 - 0x00007ffe6f1ba000 	C:\Windows\System32\GDI32.dll
0x00007ffe6d6b0000 - 0x00007ffe6d7b9000 	C:\Windows\System32\gdi32full.dll
0x00007ffe6d5c0000 - 0x00007ffe6d65d000 	C:\Windows\System32\msvcp_win.dll
0x00007ffe3a720000 - 0x00007ffe3a735000 	C:\Program Files\Amazon Corretto\jdk17.0.7_7\bin\VCRUNTIME140.dll
0x00007ffe5af40000 - 0x00007ffe5b1da000 	C:\Windows\WinSxS\amd64_microsoft.windows.common-controls_6595b64144ccf1df_6.0.19041.1_none_b555e41d4684ddec\COMCTL32.dll
0x00007ffe6fd90000 - 0x00007ffe6fe2e000 	C:\Windows\System32\msvcrt.dll
0x00007ffe6f0b0000 - 0x00007ffe6f0e0000 	C:\Windows\System32\IMM32.DLL
0x00007ffe5c0f0000 - 0x00007ffe5c18b000 	C:\Program Files\Amazon Corretto\jdk17.0.7_7\bin\msvcp140.dll
0x00007ffe37650000 - 0x00007ffe3826a000 	C:\Program Files\Amazon Corretto\jdk17.0.7_7\bin\server\jvm.dll
0x00007ffe6f360000 - 0x00007ffe6f40a000 	C:\Windows\System32\ADVAPI32.dll
0x00007ffe6f0e0000 - 0x00007ffe6f17b000 	C:\Windows\System32\sechost.dll
0x00007ffe6fa40000 - 0x00007ffe6fb63000 	C:\Windows\System32\RPCRT4.dll
0x00007ffe59650000 - 0x00007ffe59659000 	C:\Windows\SYSTEM32\WSOCK32.dll
0x00007ffe6f1c0000 - 0x00007ffe6f22b000 	C:\Windows\System32\WS2_32.dll
0x00007ffe5df40000 - 0x00007ffe5df67000 	C:\Windows\SYSTEM32\WINMM.dll
0x00007ffe60c10000 - 0x00007ffe60c1a000 	C:\Windows\SYSTEM32\VERSION.dll
0x00007ffe6b570000 - 0x00007ffe6b583000 	C:\Windows\SYSTEM32\kernel.appcore.dll
0x00007ffe59220000 - 0x00007ffe5922a000 	C:\Program Files\Amazon Corretto\jdk17.0.7_7\bin\jimage.dll
0x00007ffe5eb90000 - 0x00007ffe5ed74000 	C:\Windows\SYSTEM32\DBGHELP.DLL
0x00007ffe5eb20000 - 0x00007ffe5eb4c000 	C:\Windows\SYSTEM32\dbgcore.DLL
0x00007ffe6de60000 - 0x00007ffe6dedf000 	C:\Windows\System32\bcryptPrimitives.dll
0x00007ffe5c9d0000 - 0x00007ffe5ca09000 	C:\Program Files\Amazon Corretto\jdk17.0.7_7\bin\jdwp.dll
0x00007ffe65b10000 - 0x00007ffe65b1e000 	C:\Program Files\Amazon Corretto\jdk17.0.7_7\bin\instrument.dll
0x00007ffe3a6f0000 - 0x00007ffe3a715000 	C:\Program Files\Amazon Corretto\jdk17.0.7_7\bin\java.dll
0x00007ffe37570000 - 0x00007ffe37646000 	C:\Program Files\Amazon Corretto\jdk17.0.7_7\bin\jsvml.dll
0x00007ffe6e8a0000 - 0x00007ffe6efd1000 	C:\Windows\System32\SHELL32.dll
0x00007ffe6b770000 - 0x00007ffe6befa000 	C:\Windows\SYSTEM32\windows.storage.dll
0x00007ffe6df90000 - 0x00007ffe6e2e4000 	C:\Windows\System32\combase.dll
0x00007ffe6cf70000 - 0x00007ffe6cf9b000 	C:\Windows\SYSTEM32\Wldp.dll
0x00007ffe6e7f0000 - 0x00007ffe6e89e000 	C:\Windows\System32\SHCORE.dll
0x00007ffe6fcb0000 - 0x00007ffe6fd05000 	C:\Windows\System32\shlwapi.dll
0x00007ffe6d500000 - 0x00007ffe6d51f000 	C:\Windows\SYSTEM32\profapi.dll
0x00007ffe64980000 - 0x00007ffe6498c000 	C:\Program Files\Amazon Corretto\jdk17.0.7_7\bin\dt_socket.dll
0x00007ffe6c9e0000 - 0x00007ffe6ca1b000 	C:\Windows\SYSTEM32\IPHLPAPI.DLL
0x00007ffe6ccf0000 - 0x00007ffe6cd5a000 	C:\Windows\system32\mswsock.dll
0x00007ffe6ca20000 - 0x00007ffe6caea000 	C:\Windows\SYSTEM32\DNSAPI.dll
0x00007ffe6e570000 - 0x00007ffe6e579000 	C:\Windows\System32\NSI.dll
0x00007ffe65740000 - 0x00007ffe6574a000 	C:\Windows\System32\rasadhlp.dll
0x00007ffe62fb0000 - 0x00007ffe6302f000 	C:\Windows\System32\fwpuclnt.dll
0x00007ffe6d920000 - 0x00007ffe6d947000 	C:\Windows\System32\bcrypt.dll
0x00007ffe3a470000 - 0x00007ffe3a488000 	C:\Program Files\Amazon Corretto\jdk17.0.7_7\bin\zip.dll
0x00007ffe3a4b0000 - 0x00007ffe3a4c9000 	C:\Program Files\Amazon Corretto\jdk17.0.7_7\bin\net.dll
0x00007ffe686f0000 - 0x00007ffe687f0000 	C:\Windows\SYSTEM32\WINHTTP.dll
0x00007ffe3a490000 - 0x00007ffe3a4a5000 	C:\Program Files\Amazon Corretto\jdk17.0.7_7\bin\nio.dll
0x00007ffe589e0000 - 0x00007ffe589f0000 	C:\Program Files\Amazon Corretto\jdk17.0.7_7\bin\verify.dll

dbghelp: loaded successfully - version: 4.0.5 - missing functions: none
symbol engine: initialized successfully - sym options: 0x614 - pdb path: .;C:\Program Files\Amazon Corretto\jdk17.0.7_7\bin;C:\Windows\SYSTEM32;C:\Windows\WinSxS\amd64_microsoft.windows.common-controls_6595b64144ccf1df_6.0.19041.1_none_b555e41d4684ddec;C:\Program Files\Amazon Corretto\jdk17.0.7_7\bin\server

VM Arguments:
jvm_args: -XX:+ShowCodeDetailsInExceptionMessages -agentlib:jdwp=transport=dt_socket,suspend=y,address=localhost:57994 -javaagent:C:\Users\user\eclipse\jee-2023-06\eclipse\configuration\org.eclipse.osgi\430\0\.cp\lib\javaagent-shaded.jar -Dfile.encoding=UTF-8 
java_command: day05.Ex02_account
java_class_path (initial): C:\data\java\java_project\bin
Launcher Type: SUN_STANDARD

[Global flags]
     intx CICompilerCount                          = 3                                         {product} {ergonomic}
     uint ConcGCThreads                            = 1                                         {product} {ergonomic}
     uint G1ConcRefinementThreads                  = 4                                         {product} {ergonomic}
   size_t G1HeapRegionSize                         = 1048576                                   {product} {ergonomic}
    uintx GCDrainStackTargetSize                   = 64                                        {product} {ergonomic}
   size_t InitialHeapSize                          = 134217728                                 {product} {ergonomic}
   size_t MarkStackSize                            = 4194304                                   {product} {ergonomic}
   size_t MaxHeapSize                              = 2120220672                                {product} {ergonomic}
   size_t MaxNewSize                               = 1271922688                                {product} {ergonomic}
   size_t MinHeapDeltaBytes                        = 1048576                                   {product} {ergonomic}
   size_t MinHeapSize                              = 8388608                                   {product} {ergonomic}
    uintx NonNMethodCodeHeapSize                   = 5832780                                {pd product} {ergonomic}
    uintx NonProfiledCodeHeapSize                  = 122912730                              {pd product} {ergonomic}
    uintx ProfiledCodeHeapSize                     = 122912730                              {pd product} {ergonomic}
    uintx ReservedCodeCacheSize                    = 251658240                              {pd product} {ergonomic}
     bool SegmentedCodeCache                       = true                                      {product} {ergonomic}
     bool ShowCodeDetailsInExceptionMessages       = true                                   {manageable} {command line}
   size_t SoftMaxHeapSize                          = 2120220672                             {manageable} {ergonomic}
     bool UseCompressedClassPointers               = true                           {product lp64_product} {ergonomic}
     bool UseCompressedOops                        = true                           {product lp64_product} {ergonomic}
     bool UseG1GC                                  = true                                      {product} {ergonomic}
     bool UseLargePagesIndividualAllocation        = false                                  {pd product} {ergonomic}

Logging:
Log output configuration:
 #0: stdout all=warning uptime,level,tags
 #1: stderr all=off uptime,level,tags

Environment Variables:
JAVA_HOME=C:\Program Files\Amazon Corretto\jdk17.0.7_7
PATH=C:/Program Files/Amazon Corretto/jdk17.0.7_7/bin/server;C:/Program Files/Amazon Corretto/jdk17.0.7_7/bin;C:\Program Files\Amazon Corretto\jdk17.0.7_7\bin;C:\Windows\system32;C:\Windows;C:\Windows\System32\Wbem;C:\Windows\System32\WindowsPowerShell\v1.0\;C:\Windows\System32\OpenSSH\;C:\Program Files\Bandizip\;C:\Users\user\AppData\Local\Microsoft\WindowsApps;;C:\Users\user\AppData\Local\Programs\Microsoft VS Code\bin;C:\Windows\System32;
USERNAME=user
OS=Windows_NT
PROCESSOR_IDENTIFIER=Intel64 Family 6 Model 58 Stepping 9, GenuineIntel
TMP=C:\Users\user\AppData\Local\Temp
TEMP=C:\Users\user\AppData\Local\Temp



---------------  S Y S T E M  ---------------

OS:
 Windows 10 , 64 bit Build 19041 (10.0.19041.207)
OS uptime: 2 days 8:19 hours

CPU: total 4 (initial active 4) (4 cores per cpu, 1 threads per core) family 6 model 58 stepping 9 microcode 0x21, cx8, cmov, fxsr, mmx, sse, sse2, sse3, ssse3, sse4.1, sse4.2, popcnt, tsc, tscinvbit, avx, aes, erms, clmul, vzeroupper, clflush

Memory: 4k page, system-wide physical 8086M (3330M free)
TotalPageFile size 22314M (AvailPageFile size 4M)
current process WorkingSet (physical memory assigned to process): 36M, peak: 46M
current process commit charge ("private bytes"): 206M, peak: 209M

vm_info: OpenJDK 64-Bit Server VM (17.0.7+7-LTS) for windows-amd64 JRE (17.0.7+7-LTS), built on Apr 14 2023 01:39:21 by "Administrator" with MS VC++ 15.9 (VS2017)

END.
