#
# There is insufficient memory for the Java Runtime Environment to continue.
# Native memory allocation (malloc) failed to allocate 129936 bytes for Chunk::new
# Possible reasons:
#   The system is out of physical RAM or swap space
#   The process is running with CompressedOops enabled, and the Java Heap may be blocking the growth of the native heap
# Possible solutions:
#   Reduce memory load on the system
#   Increase physical memory or swap space
#   Check if swap backing store is full
#   Decrease Java heap size (-Xmx/-Xms)
#   Decrease number of Java threads
#   Decrease Java thread stack sizes (-Xss)
#   Set larger code cache with -XX:ReservedCodeCacheSize=
#   JVM is running with Unscaled Compressed Oops mode in which the Java heap is
#     placed in the first 4GB address space. The Java Heap base address is the
#     maximum limit for the native heap growth. Please use -XX:HeapBaseMinAddress
#     to set the Java Heap base and to place the Java Heap above 4GB virtual address.
# This output file may be truncated or incomplete.
#
#  Out of Memory Error (arena.cpp:189), pid=15052, tid=14272
#
# JRE version: OpenJDK Runtime Environment Corretto-17.0.7.7.1 (17.0.7+7) (build 17.0.7+7-LTS)
# Java VM: OpenJDK 64-Bit Server VM Corretto-17.0.7.7.1 (17.0.7+7-LTS, mixed mode, sharing, tiered, compressed oops, compressed class ptrs, g1 gc, windows-amd64)
# No core dump will be written. Minidumps are not enabled by default on client versions of Windows
#

---------------  S U M M A R Y ------------

Command Line: -XX:+ShowCodeDetailsInExceptionMessages -agentlib:jdwp=transport=dt_socket,suspend=y,address=localhost:58004 -javaagent:C:\Users\user\eclipse\jee-2023-06\eclipse\configuration\org.eclipse.osgi\430\0\.cp\lib\javaagent-shaded.jar -Dfile.encoding=UTF-8 day05.Ex02_account

Host: Intel(R) Core(TM) i5-3470 CPU @ 3.20GHz, 4 cores, 7G,  Windows 10 , 64 bit Build 19041 (10.0.19041.207)
Time: Thu Jun 22 16:43:29 2023  Windows 10 , 64 bit Build 19041 (10.0.19041.207) elapsed time: 2499.026398 seconds (0d 0h 41m 39s)

---------------  T H R E A D  ---------------

Current thread (0x000001ca429d4c10):  JavaThread "C2 CompilerThread0" daemon [_thread_in_native, id=14272, stack(0x0000004a83000000,0x0000004a83100000)]


Current CompileTask:
C2:2499026  506       4       org.eclipse.jdt.launching.internal.org.objectweb.asm.ClassReader::readUtf (161 bytes)

Stack: [0x0000004a83000000,0x0000004a83100000]
Native frames: (J=compiled Java code, j=interpreted, Vv=VM code, C=native code)
V  [jvm.dll+0x64b53a]
V  [jvm.dll+0x7fef54]
V  [jvm.dll+0x80070e]
V  [jvm.dll+0x800d63]
V  [jvm.dll+0x236a2b]
V  [jvm.dll+0xbd47c]
V  [jvm.dll+0xbda5c]
V  [jvm.dll+0x350be2]
V  [jvm.dll+0x31b60f]
V  [jvm.dll+0x31aa4a]
V  [jvm.dll+0x20acf5]
V  [jvm.dll+0x20a287]
V  [jvm.dll+0x19a2ed]
V  [jvm.dll+0x21967d]
V  [jvm.dll+0x2178c4]
V  [jvm.dll+0x7b7dcb]
V  [jvm.dll+0x7b237a]
V  [jvm.dll+0x64a3a5]
C  [ucrtbase.dll+0x21542]
C  [KERNEL32.DLL+0x16fd4]
C  [ntdll.dll+0x4cec1]


---------------  P R O C E S S  ---------------

Threads class SMR info:
_java_thread_list=0x000001ca42cdbf10, length=15, elements={
0x000001ca24ed58c0, 0x000001ca429b0d60, 0x000001ca429b2980, 0x000001ca429c6920,
0x000001ca429cd3f0, 0x000001ca429cedb0, 0x000001ca429d1f20, 0x000001ca429d4c10,
0x000001ca42a2e7e0, 0x000001ca42a53ce0, 0x000001ca42a5eac0, 0x000001ca42b52e40,
0x000001ca42ba6230, 0x000001ca42ba6720, 0x000001ca47378e10
}

Java Threads: ( => current thread )
  0x000001ca24ed58c0 JavaThread "main" [_thread_in_native, id=4604, stack(0x0000004a82300000,0x0000004a82400000)]
  0x000001ca429b0d60 JavaThread "Reference Handler" daemon [_thread_blocked, id=19096, stack(0x0000004a82a00000,0x0000004a82b00000)]
  0x000001ca429b2980 JavaThread "Finalizer" daemon [_thread_blocked, id=10536, stack(0x0000004a82b00000,0x0000004a82c00000)]
  0x000001ca429c6920 JavaThread "Signal Dispatcher" daemon [_thread_blocked, id=10060, stack(0x0000004a82c00000,0x0000004a82d00000)]
  0x000001ca429cd3f0 JavaThread "Attach Listener" daemon [_thread_blocked, id=12584, stack(0x0000004a82d00000,0x0000004a82e00000)]
  0x000001ca429cedb0 JavaThread "Service Thread" daemon [_thread_blocked, id=4788, stack(0x0000004a82e00000,0x0000004a82f00000)]
  0x000001ca429d1f20 JavaThread "Monitor Deflation Thread" daemon [_thread_blocked, id=14180, stack(0x0000004a82f00000,0x0000004a83000000)]
=>0x000001ca429d4c10 JavaThread "C2 CompilerThread0" daemon [_thread_in_native, id=14272, stack(0x0000004a83000000,0x0000004a83100000)]
  0x000001ca42a2e7e0 JavaThread "C1 CompilerThread0" daemon [_thread_blocked, id=14892, stack(0x0000004a83100000,0x0000004a83200000)]
  0x000001ca42a53ce0 JavaThread "Sweeper thread" daemon [_thread_blocked, id=15032, stack(0x0000004a83200000,0x0000004a83300000)]
  0x000001ca42a5eac0 JavaThread "Common-Cleaner" daemon [_thread_blocked, id=9356, stack(0x0000004a83300000,0x0000004a83400000)]
  0x000001ca42b52e40 JavaThread "JDWP Transport Listener: dt_socket" daemon [_thread_blocked, id=16176, stack(0x0000004a83400000,0x0000004a83500000)]
  0x000001ca42ba6230 JavaThread "JDWP Event Helper Thread" daemon [_thread_blocked, id=15184, stack(0x0000004a83500000,0x0000004a83600000)]
  0x000001ca42ba6720 JavaThread "JDWP Command Reader" daemon [_thread_in_native, id=5776, stack(0x0000004a83600000,0x0000004a83700000)]
  0x000001ca47378e10 JavaThread "Notification Thread" daemon [_thread_blocked, id=16056, stack(0x0000004a83700000,0x0000004a83800000)]

Other Threads:
  0x000001ca429ab9c0 VMThread "VM Thread" [stack: 0x0000004a82900000,0x0000004a82a00000] [id=13136]
  0x000001ca42d75bf0 WatcherThread [stack: 0x0000004a83800000,0x0000004a83900000] [id=15496]
  0x000001ca24f2f970 GCTaskThread "GC Thread#0" [stack: 0x0000004a82400000,0x0000004a82500000] [id=5012]
  0x000001ca24f3fc60 ConcurrentGCThread "G1 Main Marker" [stack: 0x0000004a82500000,0x0000004a82600000] [id=13752]
  0x000001ca22d6d160 ConcurrentGCThread "G1 Conc#0" [stack: 0x0000004a82600000,0x0000004a82700000] [id=6288]
  0x000001ca22d6ecf0 ConcurrentGCThread "G1 Refine#0" [stack: 0x0000004a82700000,0x0000004a82800000] [id=12772]
  0x000001ca42870830 ConcurrentGCThread "G1 Service" [stack: 0x0000004a82800000,0x0000004a82900000] [id=6900]

Threads with active compile tasks:
C2 CompilerThread0  2499041  506       4       org.eclipse.jdt.launching.internal.org.objectweb.asm.ClassReader::readUtf (161 bytes)

VM state: not at safepoint (normal execution)

VM Mutex/Monitor currently owned by a thread: None

Heap address: 0x0000000081a00000, size: 2022 MB, Compressed Oops mode: 32-bit

CDS archive(s) mapped at: [0x0000000800000000-0x0000000800bc0000-0x0000000800bc0000), size 12320768, SharedBaseAddress: 0x0000000800000000, ArchiveRelocationMode: 0.
Compressed class space mapped at: 0x0000000801000000-0x0000000841000000, reserved size: 1073741824
Narrow klass base: 0x0000000800000000, Narrow klass shift: 0, Narrow klass range: 0x100000000

GC Precious Log:
 CPUs: 4 total, 4 available
 Memory: 8086M
 Large Page Support: Disabled
 NUMA Support: Disabled
 Compressed Oops: Enabled (32-bit)
 Heap Region Size: 1M
 Heap Min Capacity: 8M
 Heap Initial Capacity: 128M
 Heap Max Capacity: 2022M
 Pre-touch: Disabled
 Parallel Workers: 4
 Concurrent Workers: 1
 Concurrent Refinement Workers: 4
 Periodic GC: Disabled

Heap:
 garbage-first heap   total 131072K, used 6144K [0x0000000081a00000, 0x0000000100000000)
  region size 1024K, 7 young (7168K), 0 survivors (0K)
 Metaspace       used 3095K, committed 3264K, reserved 1114112K
  class space    used 283K, committed 384K, reserved 1048576K

Heap Regions: E=young(eden), S=young(survivor), O=old, HS=humongous(starts), HC=humongous(continues), CS=collection set, F=free, OA=open archive, CA=closed archive, TAMS=top-at-mark-start (previous, next)
|   0|0x0000000081a00000, 0x0000000081a00000, 0x0000000081b00000|  0%| F|  |TAMS 0x0000000081a00000, 0x0000000081a00000| Untracked 
|   1|0x0000000081b00000, 0x0000000081b00000, 0x0000000081c00000|  0%| F|  |TAMS 0x0000000081b00000, 0x0000000081b00000| Untracked 
|   2|0x0000000081c00000, 0x0000000081c00000, 0x0000000081d00000|  0%| F|  |TAMS 0x0000000081c00000, 0x0000000081c00000| Untracked 
|   3|0x0000000081d00000, 0x0000000081d00000, 0x0000000081e00000|  0%| F|  |TAMS 0x0000000081d00000, 0x0000000081d00000| Untracked 
|   4|0x0000000081e00000, 0x0000000081e00000, 0x0000000081f00000|  0%| F|  |TAMS 0x0000000081e00000, 0x0000000081e00000| Untracked 
|   5|0x0000000081f00000, 0x0000000081f00000, 0x0000000082000000|  0%| F|  |TAMS 0x0000000081f00000, 0x0000000081f00000| Untracked 
|   6|0x0000000082000000, 0x0000000082000000, 0x0000000082100000|  0%| F|  |TAMS 0x0000000082000000, 0x0000000082000000| Untracked 
|   7|0x0000000082100000, 0x0000000082100000, 0x0000000082200000|  0%| F|  |TAMS 0x0000000082100000, 0x0000000082100000| Untracked 
|   8|0x0000000082200000, 0x0000000082200000, 0x0000000082300000|  0%| F|  |TAMS 0x0000000082200000, 0x0000000082200000| Untracked 
|   9|0x0000000082300000, 0x0000000082300000, 0x0000000082400000|  0%| F|  |TAMS 0x0000000082300000, 0x0000000082300000| Untracked 
|  10|0x0000000082400000, 0x0000000082400000, 0x0000000082500000|  0%| F|  |TAMS 0x0000000082400000, 0x0000000082400000| Untracked 
|  11|0x0000000082500000, 0x0000000082500000, 0x0000000082600000|  0%| F|  |TAMS 0x0000000082500000, 0x0000000082500000| Untracked 
|  12|0x0000000082600000, 0x0000000082600000, 0x0000000082700000|  0%| F|  |TAMS 0x0000000082600000, 0x0000000082600000| Untracked 
|  13|0x0000000082700000, 0x0000000082700000, 0x0000000082800000|  0%| F|  |TAMS 0x0000000082700000, 0x0000000082700000| Untracked 
|  14|0x0000000082800000, 0x0000000082800000, 0x0000000082900000|  0%| F|  |TAMS 0x0000000082800000, 0x0000000082800000| Untracked 
|  15|0x0000000082900000, 0x0000000082900000, 0x0000000082a00000|  0%| F|  |TAMS 0x0000000082900000, 0x0000000082900000| Untracked 
|  16|0x0000000082a00000, 0x0000000082a00000, 0x0000000082b00000|  0%| F|  |TAMS 0x0000000082a00000, 0x0000000082a00000| Untracked 
|  17|0x0000000082b00000, 0x0000000082b00000, 0x0000000082c00000|  0%| F|  |TAMS 0x0000000082b00000, 0x0000000082b00000| Untracked 
|  18|0x0000000082c00000, 0x0000000082c00000, 0x0000000082d00000|  0%| F|  |TAMS 0x0000000082c00000, 0x0000000082c00000| Untracked 
|  19|0x0000000082d00000, 0x0000000082d00000, 0x0000000082e00000|  0%| F|  |TAMS 0x0000000082d00000, 0x0000000082d00000| Untracked 
|  20|0x0000000082e00000, 0x0000000082e00000, 0x0000000082f00000|  0%| F|  |TAMS 0x0000000082e00000, 0x0000000082e00000| Untracked 
|  21|0x0000000082f00000, 0x0000000082f00000, 0x0000000083000000|  0%| F|  |TAMS 0x0000000082f00000, 0x0000000082f00000| Untracked 
|  22|0x0000000083000000, 0x0000000083000000, 0x0000000083100000|  0%| F|  |TAMS 0x0000000083000000, 0x0000000083000000| Untracked 
|  23|0x0000000083100000, 0x0000000083100000, 0x0000000083200000|  0%| F|  |TAMS 0x0000000083100000, 0x0000000083100000| Untracked 
|  24|0x0000000083200000, 0x0000000083200000, 0x0000000083300000|  0%| F|  |TAMS 0x0000000083200000, 0x0000000083200000| Untracked 
|  25|0x0000000083300000, 0x0000000083300000, 0x0000000083400000|  0%| F|  |TAMS 0x0000000083300000, 0x0000000083300000| Untracked 
|  26|0x0000000083400000, 0x0000000083400000, 0x0000000083500000|  0%| F|  |TAMS 0x0000000083400000, 0x0000000083400000| Untracked 
|  27|0x0000000083500000, 0x0000000083500000, 0x0000000083600000|  0%| F|  |TAMS 0x0000000083500000, 0x0000000083500000| Untracked 
|  28|0x0000000083600000, 0x0000000083600000, 0x0000000083700000|  0%| F|  |TAMS 0x0000000083600000, 0x0000000083600000| Untracked 
|  29|0x0000000083700000, 0x0000000083700000, 0x0000000083800000|  0%| F|  |TAMS 0x0000000083700000, 0x0000000083700000| Untracked 
|  30|0x0000000083800000, 0x0000000083800000, 0x0000000083900000|  0%| F|  |TAMS 0x0000000083800000, 0x0000000083800000| Untracked 
|  31|0x0000000083900000, 0x0000000083900000, 0x0000000083a00000|  0%| F|  |TAMS 0x0000000083900000, 0x0000000083900000| Untracked 
|  32|0x0000000083a00000, 0x0000000083a00000, 0x0000000083b00000|  0%| F|  |TAMS 0x0000000083a00000, 0x0000000083a00000| Untracked 
|  33|0x0000000083b00000, 0x0000000083b00000, 0x0000000083c00000|  0%| F|  |TAMS 0x0000000083b00000, 0x0000000083b00000| Untracked 
|  34|0x0000000083c00000, 0x0000000083c00000, 0x0000000083d00000|  0%| F|  |TAMS 0x0000000083c00000, 0x0000000083c00000| Untracked 
|  35|0x0000000083d00000, 0x0000000083d00000, 0x0000000083e00000|  0%| F|  |TAMS 0x0000000083d00000, 0x0000000083d00000| Untracked 
|  36|0x0000000083e00000, 0x0000000083e00000, 0x0000000083f00000|  0%| F|  |TAMS 0x0000000083e00000, 0x0000000083e00000| Untracked 
|  37|0x0000000083f00000, 0x0000000083f00000, 0x0000000084000000|  0%| F|  |TAMS 0x0000000083f00000, 0x0000000083f00000| Untracked 
|  38|0x0000000084000000, 0x0000000084000000, 0x0000000084100000|  0%| F|  |TAMS 0x0000000084000000, 0x0000000084000000| Untracked 
|  39|0x0000000084100000, 0x0000000084100000, 0x0000000084200000|  0%| F|  |TAMS 0x0000000084100000, 0x0000000084100000| Untracked 
|  40|0x0000000084200000, 0x0000000084200000, 0x0000000084300000|  0%| F|  |TAMS 0x0000000084200000, 0x0000000084200000| Untracked 
|  41|0x0000000084300000, 0x0000000084300000, 0x0000000084400000|  0%| F|  |TAMS 0x0000000084300000, 0x0000000084300000| Untracked 
|  42|0x0000000084400000, 0x0000000084400000, 0x0000000084500000|  0%| F|  |TAMS 0x0000000084400000, 0x0000000084400000| Untracked 
|  43|0x0000000084500000, 0x0000000084500000, 0x0000000084600000|  0%| F|  |TAMS 0x0000000084500000, 0x0000000084500000| Untracked 
|  44|0x0000000084600000, 0x0000000084600000, 0x0000000084700000|  0%| F|  |TAMS 0x0000000084600000, 0x0000000084600000| Untracked 
|  45|0x0000000084700000, 0x0000000084700000, 0x0000000084800000|  0%| F|  |TAMS 0x0000000084700000, 0x0000000084700000| Untracked 
|  46|0x0000000084800000, 0x0000000084800000, 0x0000000084900000|  0%| F|  |TAMS 0x0000000084800000, 0x0000000084800000| Untracked 
|  47|0x0000000084900000, 0x0000000084900000, 0x0000000084a00000|  0%| F|  |TAMS 0x0000000084900000, 0x0000000084900000| Untracked 
|  48|0x0000000084a00000, 0x0000000084a00000, 0x0000000084b00000|  0%| F|  |TAMS 0x0000000084a00000, 0x0000000084a00000| Untracked 
|  49|0x0000000084b00000, 0x0000000084b00000, 0x0000000084c00000|  0%| F|  |TAMS 0x0000000084b00000, 0x0000000084b00000| Untracked 
|  50|0x0000000084c00000, 0x0000000084c00000, 0x0000000084d00000|  0%| F|  |TAMS 0x0000000084c00000, 0x0000000084c00000| Untracked 
|  51|0x0000000084d00000, 0x0000000084d00000, 0x0000000084e00000|  0%| F|  |TAMS 0x0000000084d00000, 0x0000000084d00000| Untracked 
|  52|0x0000000084e00000, 0x0000000084e00000, 0x0000000084f00000|  0%| F|  |TAMS 0x0000000084e00000, 0x0000000084e00000| Untracked 
|  53|0x0000000084f00000, 0x0000000084f00000, 0x0000000085000000|  0%| F|  |TAMS 0x0000000084f00000, 0x0000000084f00000| Untracked 
|  54|0x0000000085000000, 0x0000000085000000, 0x0000000085100000|  0%| F|  |TAMS 0x0000000085000000, 0x0000000085000000| Untracked 
|  55|0x0000000085100000, 0x0000000085100000, 0x0000000085200000|  0%| F|  |TAMS 0x0000000085100000, 0x0000000085100000| Untracked 
|  56|0x0000000085200000, 0x0000000085200000, 0x0000000085300000|  0%| F|  |TAMS 0x0000000085200000, 0x0000000085200000| Untracked 
|  57|0x0000000085300000, 0x0000000085300000, 0x0000000085400000|  0%| F|  |TAMS 0x0000000085300000, 0x0000000085300000| Untracked 
|  58|0x0000000085400000, 0x0000000085400000, 0x0000000085500000|  0%| F|  |TAMS 0x0000000085400000, 0x0000000085400000| Untracked 
|  59|0x0000000085500000, 0x0000000085500000, 0x0000000085600000|  0%| F|  |TAMS 0x0000000085500000, 0x0000000085500000| Untracked 
|  60|0x0000000085600000, 0x0000000085600000, 0x0000000085700000|  0%| F|  |TAMS 0x0000000085600000, 0x0000000085600000| Untracked 
|  61|0x0000000085700000, 0x0000000085700000, 0x0000000085800000|  0%| F|  |TAMS 0x0000000085700000, 0x0000000085700000| Untracked 
|  62|0x0000000085800000, 0x0000000085800000, 0x0000000085900000|  0%| F|  |TAMS 0x0000000085800000, 0x0000000085800000| Untracked 
|  63|0x0000000085900000, 0x0000000085900000, 0x0000000085a00000|  0%| F|  |TAMS 0x0000000085900000, 0x0000000085900000| Untracked 
|  64|0x0000000085a00000, 0x0000000085a00000, 0x0000000085b00000|  0%| F|  |TAMS 0x0000000085a00000, 0x0000000085a00000| Untracked 
|  65|0x0000000085b00000, 0x0000000085b00000, 0x0000000085c00000|  0%| F|  |TAMS 0x0000000085b00000, 0x0000000085b00000| Untracked 
|  66|0x0000000085c00000, 0x0000000085c00000, 0x0000000085d00000|  0%| F|  |TAMS 0x0000000085c00000, 0x0000000085c00000| Untracked 
|  67|0x0000000085d00000, 0x0000000085d00000, 0x0000000085e00000|  0%| F|  |TAMS 0x0000000085d00000, 0x0000000085d00000| Untracked 
|  68|0x0000000085e00000, 0x0000000085e00000, 0x0000000085f00000|  0%| F|  |TAMS 0x0000000085e00000, 0x0000000085e00000| Untracked 
|  69|0x0000000085f00000, 0x0000000085f00000, 0x0000000086000000|  0%| F|  |TAMS 0x0000000085f00000, 0x0000000085f00000| Untracked 
|  70|0x0000000086000000, 0x0000000086000000, 0x0000000086100000|  0%| F|  |TAMS 0x0000000086000000, 0x0000000086000000| Untracked 
|  71|0x0000000086100000, 0x0000000086100000, 0x0000000086200000|  0%| F|  |TAMS 0x0000000086100000, 0x0000000086100000| Untracked 
|  72|0x0000000086200000, 0x0000000086200000, 0x0000000086300000|  0%| F|  |TAMS 0x0000000086200000, 0x0000000086200000| Untracked 
|  73|0x0000000086300000, 0x0000000086300000, 0x0000000086400000|  0%| F|  |TAMS 0x0000000086300000, 0x0000000086300000| Untracked 
|  74|0x0000000086400000, 0x0000000086400000, 0x0000000086500000|  0%| F|  |TAMS 0x0000000086400000, 0x0000000086400000| Untracked 
|  75|0x0000000086500000, 0x0000000086500000, 0x0000000086600000|  0%| F|  |TAMS 0x0000000086500000, 0x0000000086500000| Untracked 
|  76|0x0000000086600000, 0x0000000086600000, 0x0000000086700000|  0%| F|  |TAMS 0x0000000086600000, 0x0000000086600000| Untracked 
|  77|0x0000000086700000, 0x0000000086700000, 0x0000000086800000|  0%| F|  |TAMS 0x0000000086700000, 0x0000000086700000| Untracked 
|  78|0x0000000086800000, 0x0000000086800000, 0x0000000086900000|  0%| F|  |TAMS 0x0000000086800000, 0x0000000086800000| Untracked 
|  79|0x0000000086900000, 0x0000000086900000, 0x0000000086a00000|  0%| F|  |TAMS 0x0000000086900000, 0x0000000086900000| Untracked 
|  80|0x0000000086a00000, 0x0000000086a00000, 0x0000000086b00000|  0%| F|  |TAMS 0x0000000086a00000, 0x0000000086a00000| Untracked 
|  81|0x0000000086b00000, 0x0000000086b00000, 0x0000000086c00000|  0%| F|  |TAMS 0x0000000086b00000, 0x0000000086b00000| Untracked 
|  82|0x0000000086c00000, 0x0000000086c00000, 0x0000000086d00000|  0%| F|  |TAMS 0x0000000086c00000, 0x0000000086c00000| Untracked 
|  83|0x0000000086d00000, 0x0000000086d00000, 0x0000000086e00000|  0%| F|  |TAMS 0x0000000086d00000, 0x0000000086d00000| Untracked 
|  84|0x0000000086e00000, 0x0000000086e00000, 0x0000000086f00000|  0%| F|  |TAMS 0x0000000086e00000, 0x0000000086e00000| Untracked 
|  85|0x0000000086f00000, 0x0000000086f00000, 0x0000000087000000|  0%| F|  |TAMS 0x0000000086f00000, 0x0000000086f00000| Untracked 
|  86|0x0000000087000000, 0x0000000087000000, 0x0000000087100000|  0%| F|  |TAMS 0x0000000087000000, 0x0000000087000000| Untracked 
|  87|0x0000000087100000, 0x0000000087100000, 0x0000000087200000|  0%| F|  |TAMS 0x0000000087100000, 0x0000000087100000| Untracked 
|  88|0x0000000087200000, 0x0000000087200000, 0x0000000087300000|  0%| F|  |TAMS 0x0000000087200000, 0x0000000087200000| Untracked 
|  89|0x0000000087300000, 0x0000000087300000, 0x0000000087400000|  0%| F|  |TAMS 0x0000000087300000, 0x0000000087300000| Untracked 
|  90|0x0000000087400000, 0x0000000087400000, 0x0000000087500000|  0%| F|  |TAMS 0x0000000087400000, 0x0000000087400000| Untracked 
|  91|0x0000000087500000, 0x0000000087500000, 0x0000000087600000|  0%| F|  |TAMS 0x0000000087500000, 0x0000000087500000| Untracked 
|  92|0x0000000087600000, 0x0000000087600000, 0x0000000087700000|  0%| F|  |TAMS 0x0000000087600000, 0x0000000087600000| Untracked 
|  93|0x0000000087700000, 0x0000000087700000, 0x0000000087800000|  0%| F|  |TAMS 0x0000000087700000, 0x0000000087700000| Untracked 
|  94|0x0000000087800000, 0x0000000087800000, 0x0000000087900000|  0%| F|  |TAMS 0x0000000087800000, 0x0000000087800000| Untracked 
|  95|0x0000000087900000, 0x0000000087900000, 0x0000000087a00000|  0%| F|  |TAMS 0x0000000087900000, 0x0000000087900000| Untracked 
|  96|0x0000000087a00000, 0x0000000087a00000, 0x0000000087b00000|  0%| F|  |TAMS 0x0000000087a00000, 0x0000000087a00000| Untracked 
|  97|0x0000000087b00000, 0x0000000087b00000, 0x0000000087c00000|  0%| F|  |TAMS 0x0000000087b00000, 0x0000000087b00000| Untracked 
|  98|0x0000000087c00000, 0x0000000087c00000, 0x0000000087d00000|  0%| F|  |TAMS 0x0000000087c00000, 0x0000000087c00000| Untracked 
|  99|0x0000000087d00000, 0x0000000087d00000, 0x0000000087e00000|  0%| F|  |TAMS 0x0000000087d00000, 0x0000000087d00000| Untracked 
| 100|0x0000000087e00000, 0x0000000087e00000, 0x0000000087f00000|  0%| F|  |TAMS 0x0000000087e00000, 0x0000000087e00000| Untracked 
| 101|0x0000000087f00000, 0x0000000087f00000, 0x0000000088000000|  0%| F|  |TAMS 0x0000000087f00000, 0x0000000087f00000| Untracked 
| 102|0x0000000088000000, 0x0000000088000000, 0x0000000088100000|  0%| F|  |TAMS 0x0000000088000000, 0x0000000088000000| Untracked 
| 103|0x0000000088100000, 0x0000000088100000, 0x0000000088200000|  0%| F|  |TAMS 0x0000000088100000, 0x0000000088100000| Untracked 
| 104|0x0000000088200000, 0x0000000088200000, 0x0000000088300000|  0%| F|  |TAMS 0x0000000088200000, 0x0000000088200000| Untracked 
| 105|0x0000000088300000, 0x0000000088300000, 0x0000000088400000|  0%| F|  |TAMS 0x0000000088300000, 0x0000000088300000| Untracked 
| 106|0x0000000088400000, 0x0000000088400000, 0x0000000088500000|  0%| F|  |TAMS 0x0000000088400000, 0x0000000088400000| Untracked 
| 107|0x0000000088500000, 0x0000000088500000, 0x0000000088600000|  0%| F|  |TAMS 0x0000000088500000, 0x0000000088500000| Untracked 
| 108|0x0000000088600000, 0x0000000088600000, 0x0000000088700000|  0%| F|  |TAMS 0x0000000088600000, 0x0000000088600000| Untracked 
| 109|0x0000000088700000, 0x0000000088700000, 0x0000000088800000|  0%| F|  |TAMS 0x0000000088700000, 0x0000000088700000| Untracked 
| 110|0x0000000088800000, 0x0000000088800000, 0x0000000088900000|  0%| F|  |TAMS 0x0000000088800000, 0x0000000088800000| Untracked 
| 111|0x0000000088900000, 0x0000000088900000, 0x0000000088a00000|  0%| F|  |TAMS 0x0000000088900000, 0x0000000088900000| Untracked 
| 112|0x0000000088a00000, 0x0000000088a00000, 0x0000000088b00000|  0%| F|  |TAMS 0x0000000088a00000, 0x0000000088a00000| Untracked 
| 113|0x0000000088b00000, 0x0000000088b00000, 0x0000000088c00000|  0%| F|  |TAMS 0x0000000088b00000, 0x0000000088b00000| Untracked 
| 114|0x0000000088c00000, 0x0000000088c00000, 0x0000000088d00000|  0%| F|  |TAMS 0x0000000088c00000, 0x0000000088c00000| Untracked 
| 115|0x0000000088d00000, 0x0000000088d00000, 0x0000000088e00000|  0%| F|  |TAMS 0x0000000088d00000, 0x0000000088d00000| Untracked 
| 116|0x0000000088e00000, 0x0000000088e00000, 0x0000000088f00000|  0%| F|  |TAMS 0x0000000088e00000, 0x0000000088e00000| Untracked 
| 117|0x0000000088f00000, 0x0000000088f00000, 0x0000000089000000|  0%| F|  |TAMS 0x0000000088f00000, 0x0000000088f00000| Untracked 
| 118|0x0000000089000000, 0x0000000089000000, 0x0000000089100000|  0%| F|  |TAMS 0x0000000089000000, 0x0000000089000000| Untracked 
| 119|0x0000000089100000, 0x0000000089100000, 0x0000000089200000|  0%| F|  |TAMS 0x0000000089100000, 0x0000000089100000| Untracked 
| 120|0x0000000089200000, 0x0000000089200000, 0x0000000089300000|  0%| F|  |TAMS 0x0000000089200000, 0x0000000089200000| Untracked 
| 121|0x0000000089300000, 0x00000000893d2fd8, 0x0000000089400000| 82%| E|  |TAMS 0x0000000089300000, 0x0000000089300000| Complete 
| 122|0x0000000089400000, 0x0000000089500000, 0x0000000089500000|100%| E|CS|TAMS 0x0000000089400000, 0x0000000089400000| Complete 
| 123|0x0000000089500000, 0x0000000089600000, 0x0000000089600000|100%| E|CS|TAMS 0x0000000089500000, 0x0000000089500000| Complete 
| 124|0x0000000089600000, 0x0000000089700000, 0x0000000089700000|100%| E|CS|TAMS 0x0000000089600000, 0x0000000089600000| Complete 
| 125|0x0000000089700000, 0x0000000089800000, 0x0000000089800000|100%| E|CS|TAMS 0x0000000089700000, 0x0000000089700000| Complete 
| 126|0x0000000089800000, 0x0000000089900000, 0x0000000089900000|100%| E|CS|TAMS 0x0000000089800000, 0x0000000089800000| Complete 
| 127|0x0000000089900000, 0x0000000089a00000, 0x0000000089a00000|100%| E|CS|TAMS 0x0000000089900000, 0x0000000089900000| Complete 

Card table byte_map: [0x000001ca3bdf0000,0x000001ca3c1f0000] _byte_map_base: 0x000001ca3b9e3000

Marking Bits (Prev, Next): (CMBitMap*) 0x000001ca22d6b840, (CMBitMap*) 0x000001ca22d6b880
 Prev Bits: [0x000001ca3c5f0000, 0x000001ca3e588000)
 Next Bits: [0x000001ca3e590000, 0x000001ca40528000)

Polling page: 0x000001ca22c30000

Metaspace:

Usage:
  Non-class:      2.75 MB used.
      Class:    283.10 KB used.
       Both:      3.02 MB used.

Virtual space:
  Non-class space:       64.00 MB reserved,       2.81 MB (  4%) committed,  1 nodes.
      Class space:        1.00 GB reserved,     384.00 KB ( <1%) committed,  1 nodes.
             Both:        1.06 GB reserved,       3.19 MB ( <1%) committed. 

Chunk freelists:
   Non-Class:  11.69 MB
       Class:  15.59 MB
        Both:  27.28 MB

MaxMetaspaceSize: unlimited
CompressedClassSpaceSize: 1.00 GB
Initial GC threshold: 21.00 MB
Current GC threshold: 21.00 MB
CDS: on
MetaspaceReclaimPolicy: balanced
 - commit_granule_bytes: 65536.
 - commit_granule_words: 8192.
 - virtual_space_node_default_size: 8388608.
 - enlarge_chunks_in_place: 1.
 - new_chunks_are_fully_committed: 0.
 - uncommit_free_chunks: 1.
 - use_allocation_guard: 0.
 - handle_deallocations: 1.


Internal statistics:

num_allocs_failed_limit: 0.
num_arena_births: 10.
num_arena_deaths: 0.
num_vsnodes_births: 2.
num_vsnodes_deaths: 0.
num_space_committed: 51.
num_space_uncommitted: 0.
num_chunks_returned_to_freelist: 0.
num_chunks_taken_from_freelist: 35.
num_chunk_merges: 0.
num_chunk_splits: 21.
num_chunks_enlarged: 13.
num_inconsistent_stats: 0.

CodeHeap 'non-profiled nmethods': size=120000Kb used=154Kb max_used=154Kb free=119845Kb
 bounds [0x000001ca344c0000, 0x000001ca34730000, 0x000001ca3b9f0000]
CodeHeap 'profiled nmethods': size=120000Kb used=739Kb max_used=739Kb free=119260Kb
 bounds [0x000001ca2c9f0000, 0x000001ca2cc60000, 0x000001ca33f20000]
CodeHeap 'non-nmethods': size=5760Kb used=1218Kb max_used=1234Kb free=4541Kb
 bounds [0x000001ca33f20000, 0x000001ca34190000, 0x000001ca344c0000]
 total_blobs=934 nmethods=497 adapters=350
 compilation: enabled
              stopped_count=0, restarted_count=0
 full_count=0

Compilation events (20 events):
Event: 1394.203 Thread 0x000001ca42a2e7e0 nmethod 496 0x000001ca2caa6f90 code [0x000001ca2caa7160, 0x000001ca2caa7508]
Event: 1546.682 Thread 0x000001ca42a2e7e0  497       1       sun.instrument.TransformerManager$TransformerInfo::transformer (5 bytes)
Event: 1546.682 Thread 0x000001ca42a2e7e0 nmethod 497 0x000001ca344e5e10 code [0x000001ca344e5fa0, 0x000001ca344e6078]
Event: 1607.455 Thread 0x000001ca429d4c10  498       4       java.lang.String::hashCode (60 bytes)
Event: 1607.461 Thread 0x000001ca429d4c10 nmethod 498 0x000001ca344e6110 code [0x000001ca344e62a0, 0x000001ca344e65b8]
Event: 1607.462 Thread 0x000001ca42a2e7e0  499       3       org.eclipse.jdt.launching.internal.org.objectweb.asm.SymbolTable::get (13 bytes)
Event: 1607.462 Thread 0x000001ca42a2e7e0 nmethod 499 0x000001ca2caa7710 code [0x000001ca2caa78a0, 0x000001ca2caa79f8]
Event: 1669.137 Thread 0x000001ca42a2e7e0  500       3       java.lang.StringUTF16::newBytesFor (61 bytes)
Event: 1669.139 Thread 0x000001ca42a2e7e0 

Event: 2217.281 Thread 0x000001ca42a2e7e0  501       3       org.eclipse.jdt.launching.internal.org.objectweb.asm.SymbolTable::addConstantMemberReference (29 bytes)
Event: 2217.281 Thread 0x000001ca42a2e7e0 nmethod 501 0x000001ca2caa7b10 code [0x000001ca2caa7d00, 0x000001ca2caa80c8]
Event: 2217.281 Thread 0x000001ca42a2e7e0  502       3       org.eclipse.jdt.launching.internal.org.objectweb.asm.SymbolTable::hash (20 bytes)
Event: 2217.284 Thread 0x000001ca42a2e7e0 nmethod 502 0x000001ca2caa8390 code [0x000001ca2caa8540, 0x000001ca2caa8728]
Event: 2217.284 Thread 0x000001ca42a2e7e0  503       3       org.eclipse.jdt.launching.internal.org.objectweb.asm.SymbolTable$Entry::<init> (20 bytes)
Event: 2217.284 Thread 0x000001ca42a2e7e0 nmethod 503 0x000001ca2caa8890 code [0x000001ca2caa8a20, 0x000001ca2caa8bc8]
Event: 2273.704 Thread 0x000001ca429d4c10  504       4       org.eclipse.jdt.launching.internal.org.objectweb.asm.ClassReader::getItem (7 bytes)
Event: 2273.705 Thread 0x000001ca429d4c10 nmethod 504 0x000001ca344e6710 code [0x000001ca344e6880, 0x000001ca344e6938]
Event: 2347.579 Thread 0x000001ca42a2e7e0  505       3       org.eclipse.jdt.launching.internal.org.objectweb.asm.SymbolTable::addConstantUtf8 (98 bytes)
Event: 2347.582 Thread 0x000001ca42a2e7e0 

Event: 2499.019 Thread 0x000001ca429d4c10  506       4       org.eclipse.jdt.launching.internal.org.objectweb.asm.ClassReader::readUtf (161 bytes)

GC Heap History (0 events):
No events

Dll operation events (9 events):
Event: 0.043 Loaded shared library C:\Program Files\Amazon Corretto\jdk17.0.7_7\bin\java.dll
Event: 0.092 Loaded shared library C:\Program Files\Amazon Corretto\jdk17.0.7_7\bin\jsvml.dll
Event: 0.282 Loaded shared library C:\Program Files\Amazon Corretto\jdk17.0.7_7\bin\zip.dll
Event: 0.290 Loaded shared library C:\Program Files\Amazon Corretto\jdk17.0.7_7\bin\instrument.dll
Event: 0.296 Loaded shared library C:\Program Files\Amazon Corretto\jdk17.0.7_7\bin\net.dll
Event: 0.297 Loaded shared library C:\Program Files\Amazon Corretto\jdk17.0.7_7\bin\nio.dll
Event: 0.300 Loaded shared library C:\Program Files\Amazon Corretto\jdk17.0.7_7\bin\zip.dll
Event: 0.373 Loaded shared library C:\Program Files\Amazon Corretto\jdk17.0.7_7\bin\jimage.dll
Event: 0.421 Loaded shared library C:\Program Files\Amazon Corretto\jdk17.0.7_7\bin\verify.dll

Deoptimization events (20 events):
Event: 0.444 Thread 0x000001ca24ed58c0 DEOPT PACKING pc=0x000001ca2ca70334 sp=0x0000004a823fbd30
Event: 0.445 Thread 0x000001ca24ed58c0 DEOPT UNPACKING pc=0x000001ca33f77143 sp=0x0000004a823fb198 mode 0
Event: 0.446 Thread 0x000001ca24ed58c0 DEOPT PACKING pc=0x000001ca2ca70334 sp=0x0000004a823f8150
Event: 0.446 Thread 0x000001ca24ed58c0 DEOPT UNPACKING pc=0x000001ca33f77143 sp=0x0000004a823f75b8 mode 0
Event: 0.449 Thread 0x000001ca24ed58c0 DEOPT PACKING pc=0x000001ca2ca70334 sp=0x0000004a823fbc60
Event: 0.449 Thread 0x000001ca24ed58c0 DEOPT UNPACKING pc=0x000001ca33f77143 sp=0x0000004a823fb0c8 mode 0
Event: 0.450 Thread 0x000001ca24ed58c0 Uncommon trap: trap_request=0xffffff45 fr.pc=0x000001ca344c9630 relative=0x00000000000001b0
Event: 0.450 Thread 0x000001ca24ed58c0 Uncommon trap: reason=unstable_if action=reinterpret pc=0x000001ca344c9630 method=java.lang.String.isLatin1()Z @ 10 c2
Event: 0.450 Thread 0x000001ca24ed58c0 DEOPT PACKING pc=0x000001ca344c9630 sp=0x0000004a823fccd0
Event: 0.450 Thread 0x000001ca24ed58c0 DEOPT UNPACKING pc=0x000001ca33f769a3 sp=0x0000004a823fcc08 mode 2
Event: 0.451 Thread 0x000001ca24ed58c0 DEOPT PACKING pc=0x000001ca2ca70334 sp=0x0000004a823fbd30
Event: 0.451 Thread 0x000001ca24ed58c0 DEOPT UNPACKING pc=0x000001ca33f77143 sp=0x0000004a823fb198 mode 0
Event: 0.486 Thread 0x000001ca24ed58c0 Uncommon trap: trap_request=0xffffff45 fr.pc=0x000001ca344d2948 relative=0x0000000000000048
Event: 0.486 Thread 0x000001ca24ed58c0 Uncommon trap: reason=unstable_if action=reinterpret pc=0x000001ca344d2948 method=java.lang.CharacterData.of(I)Ljava/lang/CharacterData; @ 4 c2
Event: 0.486 Thread 0x000001ca24ed58c0 DEOPT PACKING pc=0x000001ca344d2948 sp=0x0000004a823feac0
Event: 0.487 Thread 0x000001ca24ed58c0 DEOPT UNPACKING pc=0x000001ca33f769a3 sp=0x0000004a823fea60 mode 2
Event: 0.489 Thread 0x000001ca24ed58c0 Uncommon trap: trap_request=0xffffff45 fr.pc=0x000001ca344e2c90 relative=0x0000000000000110
Event: 0.489 Thread 0x000001ca24ed58c0 Uncommon trap: reason=unstable_if action=reinterpret pc=0x000001ca344e2c90 method=java.lang.String.indexOf(II)I @ 4 c2
Event: 0.489 Thread 0x000001ca24ed58c0 DEOPT PACKING pc=0x000001ca344e2c90 sp=0x0000004a823ff4f0
Event: 0.489 Thread 0x000001ca24ed58c0 DEOPT UNPACKING pc=0x000001ca33f769a3 sp=0x0000004a823ff440 mode 2

Classes unloaded (0 events):
No events

Classes redefined (20 events):
Event: 650.172 Thread 0x000001ca429ab9c0 redefined class name=day05.Ex02_account, count=6
Event: 678.148 Thread 0x000001ca429ab9c0 redefined class name=day05.Ex02_account, count=7
Event: 769.659 Thread 0x000001ca429ab9c0 redefined class name=day05.Ex02_account, count=8
Event: 824.313 Thread 0x000001ca429ab9c0 redefined class name=day05.Ex02_account, count=9
Event: 850.887 Thread 0x000001ca429ab9c0 redefined class name=day05.Ex02_account, count=10
Event: 866.157 Thread 0x000001ca429ab9c0 redefined class name=day05.Ex02_account, count=11
Event: 891.923 Thread 0x000001ca429ab9c0 redefined class name=day05.Ex02_account, count=12
Event: 1019.464 Thread 0x000001ca429ab9c0 redefined class name=day05.Ex02_account, count=13
Event: 1248.118 Thread 0x000001ca429ab9c0 redefined class name=day05.Ex02_account, count=14
Event: 1301.564 Thread 0x000001ca429ab9c0 redefined class name=day05.Ex02_account, count=15
Event: 1394.205 Thread 0x000001ca429ab9c0 redefined class name=day05.Ex02_account, count=16
Event: 1546.683 Thread 0x000001ca429ab9c0 redefined class name=day05.Ex02_account, count=17
Event: 1607.463 Thread 0x000001ca429ab9c0 redefined class name=day05.Ex02_account, count=18
Event: 1669.138 Thread 0x000001ca429ab9c0 redefined class name=day05.Ex02_account, count=19
Event: 2217.282 Thread 0x000001ca429ab9c0 redefined class name=day05.Ex02_account, count=20
Event: 2273.706 Thread 0x000001ca429ab9c0 redefined class name=day05.Ex02_account, count=21
Event: 2324.334 Thread 0x000001ca429ab9c0 redefined class name=day05.Ex02_account, count=22
Event: 2347.580 Thread 0x000001ca429ab9c0 redefined class name=day05.Ex02_account, count=23
Event: 2426.905 Thread 0x000001ca429ab9c0 redefined class name=day05.Ex02_account, count=24
Event: 2499.023 Thread 0x000001ca429ab9c0 redefined class name=day05.Ex02_account, count=25

Internal exceptions (0 events):
No events

VM Operations (20 events):
Event: 1394.204 Executing VM operation: RedefineClasses
Event: 1394.206 Executing VM operation: RedefineClasses done
Event: 1546.683 Executing VM operation: RedefineClasses
Event: 1546.685 Executing VM operation: RedefineClasses done
Event: 1607.463 Executing VM operation: RedefineClasses
Event: 1607.465 Executing VM operation: RedefineClasses done
Event: 1669.137 Executing VM operation: RedefineClasses
Event: 1669.139 Executing VM operation: RedefineClasses done
Event: 2217.281 Executing VM operation: RedefineClasses
Event: 2217.284 Executing VM operation: RedefineClasses done
Event: 2273.705 Executing VM operation: RedefineClasses
Event: 2273.708 Executing VM operation: RedefineClasses done
Event: 2324.333 Executing VM operation: RedefineClasses
Event: 2324.335 Executing VM operation: RedefineClasses done
Event: 2347.579 Executing VM operation: RedefineClasses
Event: 2347.581 Executing VM operation: RedefineClasses done
Event: 2426.905 Executing VM operation: RedefineClasses
Event: 2426.907 Executing VM operation: RedefineClasses done
Event: 2499.022 Executing VM operation: RedefineClasses
Event: 2499.025 Executing VM operation: RedefineClasses done

Events (20 events):
Event: 0.473 loading class java/lang/WeakPairMap$Pair$Weak
Event: 0.473 loading class java/lang/WeakPairMap$WeakRefPeer
Event: 0.473 loading class java/lang/WeakPairMap$WeakRefPeer done
Event: 0.473 loading class java/lang/WeakPairMap$Pair$Weak done
Event: 0.473 loading class java/lang/WeakPairMap$Pair$Weak$1
Event: 0.473 loading class java/lang/WeakPairMap$Pair$Weak$1 done
Event: 0.479 loading class sun/util/resources/LocaleData$CommonResourceBundleProvider
Event: 0.479 loading class sun/util/resources/LocaleData$LocaleDataResourceBundleProvider
Event: 0.479 loading class java/util/spi/ResourceBundleProvider
Event: 0.479 loading class java/util/spi/ResourceBundleProvider done
Event: 0.479 loading class sun/util/resources/LocaleData$LocaleDataResourceBundleProvider done
Event: 0.479 loading class sun/util/resources/LocaleData$CommonResourceBundleProvider done
Event: 0.480 loading class sun/util/resources/Bundles$2
Event: 0.480 loading class sun/util/resources/Bundles$2 done
Event: 0.481 loading class java/lang/InstantiationException
Event: 0.481 loading class java/lang/InstantiationException done
Event: 0.481 loading class java/lang/IllegalAccessException
Event: 0.481 loading class java/lang/IllegalAccessException done
Event: 4.182 loading class java/util/regex/Pattern$1
Event: 4.182 loading class java/util/regex/Pattern$1 done


Dynamic libraries:
0x00007ff7e2ba0000 - 0x00007ff7e2bad000 	C:\Program Files\Amazon Corretto\jdk17.0.7_7\bin\javaw.exe
0x00007ffe6fe70000 - 0x00007ffe70064000 	C:\Windows\SYSTEM32\ntdll.dll
0x00007ffe6e580000 - 0x00007ffe6e63d000 	C:\Windows\System32\KERNEL32.DLL
0x00007ffe6da90000 - 0x00007ffe6dd57000 	C:\Windows\System32\KERNELBASE.dll
0x00007ffe6dd60000 - 0x00007ffe6de60000 	C:\Windows\System32\ucrtbase.dll
0x00007ffe64920000 - 0x00007ffe64937000 	C:\Program Files\Amazon Corretto\jdk17.0.7_7\bin\jli.dll
0x00007ffe6f430000 - 0x00007ffe6f5d0000 	C:\Windows\System32\USER32.dll
0x00007ffe6d9b0000 - 0x00007ffe6d9d2000 	C:\Windows\System32\win32u.dll
0x00007ffe6f190000 - 0x00007ffe6f1ba000 	C:\Windows\System32\GDI32.dll
0x00007ffe6d6b0000 - 0x00007ffe6d7b9000 	C:\Windows\System32\gdi32full.dll
0x00007ffe6d5c0000 - 0x00007ffe6d65d000 	C:\Windows\System32\msvcp_win.dll
0x00007ffe3a720000 - 0x00007ffe3a735000 	C:\Program Files\Amazon Corretto\jdk17.0.7_7\bin\VCRUNTIME140.dll
0x00007ffe5af40000 - 0x00007ffe5b1da000 	C:\Windows\WinSxS\amd64_microsoft.windows.common-controls_6595b64144ccf1df_6.0.19041.1_none_b555e41d4684ddec\COMCTL32.dll
0x00007ffe6fd90000 - 0x00007ffe6fe2e000 	C:\Windows\System32\msvcrt.dll
0x00007ffe6f0b0000 - 0x00007ffe6f0e0000 	C:\Windows\System32\IMM32.DLL
0x00007ffe5c0f0000 - 0x00007ffe5c18b000 	C:\Program Files\Amazon Corretto\jdk17.0.7_7\bin\msvcp140.dll
0x00007ffe37650000 - 0x00007ffe3826a000 	C:\Program Files\Amazon Corretto\jdk17.0.7_7\bin\server\jvm.dll
0x00007ffe6f360000 - 0x00007ffe6f40a000 	C:\Windows\System32\ADVAPI32.dll
0x00007ffe6f0e0000 - 0x00007ffe6f17b000 	C:\Windows\System32\sechost.dll
0x00007ffe6fa40000 - 0x00007ffe6fb63000 	C:\Windows\System32\RPCRT4.dll
0x00007ffe59650000 - 0x00007ffe59659000 	C:\Windows\SYSTEM32\WSOCK32.dll
0x00007ffe6f1c0000 - 0x00007ffe6f22b000 	C:\Windows\System32\WS2_32.dll
0x00007ffe5df40000 - 0x00007ffe5df67000 	C:\Windows\SYSTEM32\WINMM.dll
0x00007ffe60c10000 - 0x00007ffe60c1a000 	C:\Windows\SYSTEM32\VERSION.dll
0x00007ffe6b570000 - 0x00007ffe6b583000 	C:\Windows\SYSTEM32\kernel.appcore.dll
0x00007ffe59220000 - 0x00007ffe5922a000 	C:\Program Files\Amazon Corretto\jdk17.0.7_7\bin\jimage.dll
0x00007ffe5eb90000 - 0x00007ffe5ed74000 	C:\Windows\SYSTEM32\DBGHELP.DLL
0x00007ffe5eb20000 - 0x00007ffe5eb4c000 	C:\Windows\SYSTEM32\dbgcore.DLL
0x00007ffe6de60000 - 0x00007ffe6dedf000 	C:\Windows\System32\bcryptPrimitives.dll
0x00007ffe5c9d0000 - 0x00007ffe5ca09000 	C:\Program Files\Amazon Corretto\jdk17.0.7_7\bin\jdwp.dll
0x00007ffe65b10000 - 0x00007ffe65b1e000 	C:\Program Files\Amazon Corretto\jdk17.0.7_7\bin\instrument.dll
0x00007ffe3a6f0000 - 0x00007ffe3a715000 	C:\Program Files\Amazon Corretto\jdk17.0.7_7\bin\java.dll
0x00007ffe37570000 - 0x00007ffe37646000 	C:\Program Files\Amazon Corretto\jdk17.0.7_7\bin\jsvml.dll
0x00007ffe6e8a0000 - 0x00007ffe6efd1000 	C:\Windows\System32\SHELL32.dll
0x00007ffe6b770000 - 0x00007ffe6befa000 	C:\Windows\SYSTEM32\windows.storage.dll
0x00007ffe6df90000 - 0x00007ffe6e2e4000 	C:\Windows\System32\combase.dll
0x00007ffe6cf70000 - 0x00007ffe6cf9b000 	C:\Windows\SYSTEM32\Wldp.dll
0x00007ffe6e7f0000 - 0x00007ffe6e89e000 	C:\Windows\System32\SHCORE.dll
0x00007ffe6fcb0000 - 0x00007ffe6fd05000 	C:\Windows\System32\shlwapi.dll
0x00007ffe6d500000 - 0x00007ffe6d51f000 	C:\Windows\SYSTEM32\profapi.dll
0x00007ffe64980000 - 0x00007ffe6498c000 	C:\Program Files\Amazon Corretto\jdk17.0.7_7\bin\dt_socket.dll
0x00007ffe6c9e0000 - 0x00007ffe6ca1b000 	C:\Windows\SYSTEM32\IPHLPAPI.DLL
0x00007ffe6ccf0000 - 0x00007ffe6cd5a000 	C:\Windows\system32\mswsock.dll
0x00007ffe6ca20000 - 0x00007ffe6caea000 	C:\Windows\SYSTEM32\DNSAPI.dll
0x00007ffe6e570000 - 0x00007ffe6e579000 	C:\Windows\System32\NSI.dll
0x00007ffe65740000 - 0x00007ffe6574a000 	C:\Windows\System32\rasadhlp.dll
0x00007ffe62fb0000 - 0x00007ffe6302f000 	C:\Windows\System32\fwpuclnt.dll
0x00007ffe6d920000 - 0x00007ffe6d947000 	C:\Windows\System32\bcrypt.dll
0x00007ffe3a470000 - 0x00007ffe3a488000 	C:\Program Files\Amazon Corretto\jdk17.0.7_7\bin\zip.dll
0x00007ffe3a4b0000 - 0x00007ffe3a4c9000 	C:\Program Files\Amazon Corretto\jdk17.0.7_7\bin\net.dll
0x00007ffe686f0000 - 0x00007ffe687f0000 	C:\Windows\SYSTEM32\WINHTTP.dll
0x00007ffe3a490000 - 0x00007ffe3a4a5000 	C:\Program Files\Amazon Corretto\jdk17.0.7_7\bin\nio.dll
0x00007ffe589e0000 - 0x00007ffe589f0000 	C:\Program Files\Amazon Corretto\jdk17.0.7_7\bin\verify.dll

dbghelp: loaded successfully - version: 4.0.5 - missing functions: none
symbol engine: initialized successfully - sym options: 0x614 - pdb path: .;C:\Program Files\Amazon Corretto\jdk17.0.7_7\bin;C:\Windows\SYSTEM32;C:\Windows\WinSxS\amd64_microsoft.windows.common-controls_6595b64144ccf1df_6.0.19041.1_none_b555e41d4684ddec;C:\Program Files\Amazon Corretto\jdk17.0.7_7\bin\server

VM Arguments:
jvm_args: -XX:+ShowCodeDetailsInExceptionMessages -agentlib:jdwp=transport=dt_socket,suspend=y,address=localhost:58004 -javaagent:C:\Users\user\eclipse\jee-2023-06\eclipse\configuration\org.eclipse.osgi\430\0\.cp\lib\javaagent-shaded.jar -Dfile.encoding=UTF-8 
java_command: day05.Ex02_account
java_class_path (initial): C:\data\java\java_project\bin
Launcher Type: SUN_STANDARD

[Global flags]
     intx CICompilerCount                          = 3                                         {product} {ergonomic}
     uint ConcGCThreads                            = 1                                         {product} {ergonomic}
     uint G1ConcRefinementThreads                  = 4                                         {product} {ergonomic}
   size_t G1HeapRegionSize                         = 1048576                                   {product} {ergonomic}
    uintx GCDrainStackTargetSize                   = 64                                        {product} {ergonomic}
   size_t InitialHeapSize                          = 134217728                                 {product} {ergonomic}
   size_t MarkStackSize                            = 4194304                                   {product} {ergonomic}
   size_t MaxHeapSize                              = 2120220672                                {product} {ergonomic}
   size_t MaxNewSize                               = 1271922688                                {product} {ergonomic}
   size_t MinHeapDeltaBytes                        = 1048576                                   {product} {ergonomic}
   size_t MinHeapSize                              = 8388608                                   {product} {ergonomic}
    uintx NonNMethodCodeHeapSize                   = 5832780                                {pd product} {ergonomic}
    uintx NonProfiledCodeHeapSize                  = 122912730                              {pd product} {ergonomic}
    uintx ProfiledCodeHeapSize                     = 122912730                              {pd product} {ergonomic}
    uintx ReservedCodeCacheSize                    = 251658240                              {pd product} {ergonomic}
     bool SegmentedCodeCache                       = true                                      {product} {ergonomic}
     bool ShowCodeDetailsInExceptionMessages       = true                                   {manageable} {command line}
   size_t SoftMaxHeapSize                          = 2120220672                             {manageable} {ergonomic}
     bool UseCompressedClassPointers               = true                           {product lp64_product} {ergonomic}
     bool UseCompressedOops                        = true                           {product lp64_product} {ergonomic}
     bool UseG1GC                                  = true                                      {product} {ergonomic}
     bool UseLargePagesIndividualAllocation        = false                                  {pd product} {ergonomic}

Logging:
Log output configuration:
 #0: stdout all=warning uptime,level,tags
 #1: stderr all=off uptime,level,tags

Environment Variables:
JAVA_HOME=C:\Program Files\Amazon Corretto\jdk17.0.7_7
PATH=C:/Program Files/Amazon Corretto/jdk17.0.7_7/bin/server;C:/Program Files/Amazon Corretto/jdk17.0.7_7/bin;C:\Program Files\Amazon Corretto\jdk17.0.7_7\bin;C:\Windows\system32;C:\Windows;C:\Windows\System32\Wbem;C:\Windows\System32\WindowsPowerShell\v1.0\;C:\Windows\System32\OpenSSH\;C:\Program Files\Bandizip\;C:\Users\user\AppData\Local\Microsoft\WindowsApps;;C:\Users\user\AppData\Local\Programs\Microsoft VS Code\bin;C:\Windows\System32;
USERNAME=user
OS=Windows_NT
PROCESSOR_IDENTIFIER=Intel64 Family 6 Model 58 Stepping 9, GenuineIntel
TMP=C:\Users\user\AppData\Local\Temp
TEMP=C:\Users\user\AppData\Local\Temp



---------------  S Y S T E M  ---------------

OS:
 Windows 10 , 64 bit Build 19041 (10.0.19041.207)
OS uptime: 2 days 8:19 hours

CPU: total 4 (initial active 4) (4 cores per cpu, 1 threads per core) family 6 model 58 stepping 9 microcode 0x21, cx8, cmov, fxsr, mmx, sse, sse2, sse3, ssse3, sse4.1, sse4.2, popcnt, tsc, tscinvbit, avx, aes, erms, clmul, vzeroupper, clflush

Memory: 4k page, system-wide physical 8086M (3330M free)
TotalPageFile size 22314M (AvailPageFile size 9M)
current process WorkingSet (physical memory assigned to process): 35M, peak: 46M
current process commit charge ("private bytes"): 206M, peak: 209M

vm_info: OpenJDK 64-Bit Server VM (17.0.7+7-LTS) for windows-amd64 JRE (17.0.7+7-LTS), built on Apr 14 2023 01:39:21 by "Administrator" with MS VC++ 15.9 (VS2017)

END.
