#
# There is insufficient memory for the Java Runtime Environment to continue.
# Native memory allocation (mmap) failed to map 134217728 bytes for G1 virtual space
# Possible reasons:
#   The system is out of physical RAM or swap space
#   The process is running with CompressedOops enabled, and the Java Heap may be blocking the growth of the native heap
# Possible solutions:
#   Reduce memory load on the system
#   Increase physical memory or swap space
#   Check if swap backing store is full
#   Decrease Java heap size (-Xmx/-Xms)
#   Decrease number of Java threads
#   Decrease Java thread stack sizes (-Xss)
#   Set larger code cache with -XX:ReservedCodeCacheSize=
#   JVM is running with Unscaled Compressed Oops mode in which the Java heap is
#     placed in the first 4GB address space. The Java Heap base address is the
#     maximum limit for the native heap growth. Please use -XX:HeapBaseMinAddress
#     to set the Java Heap base and to place the Java Heap above 4GB virtual address.
# This output file may be truncated or incomplete.
#
#  Out of Memory Error (os_windows.cpp:3559), pid=4052, tid=1888
#
# JRE version:  (17.0.7+7) (build )
# Java VM: OpenJDK 64-Bit Server VM (17.0.7+7-LTS, mixed mode, sharing, tiered, compressed oops, compressed class ptrs, g1 gc, windows-amd64)
# No core dump will be written. Minidumps are not enabled by default on client versions of Windows
#

---------------  S U M M A R Y ------------

Command Line: -XX:+ShowCodeDetailsInExceptionMessages -agentlib:jdwp=transport=dt_socket,suspend=y,address=localhost:58207 -javaagent:C:\Users\user\eclipse\jee-2023-06\eclipse\configuration\org.eclipse.osgi\430\0\.cp\lib\javaagent-shaded.jar -Dfile.encoding=UTF-8 day05.Ex02_account

Host: Intel(R) Core(TM) i5-3470 CPU @ 3.20GHz, 4 cores, 7G,  Windows 10 , 64 bit Build 19041 (10.0.19041.207)
Time: Thu Jun 22 16:49:47 2023  Windows 10 , 64 bit Build 19041 (10.0.19041.207) elapsed time: 0.011957 seconds (0d 0h 0m 0s)

---------------  T H R E A D  ---------------

Current thread (0x00000292d4a72010):  JavaThread "Unknown thread" [_thread_in_vm, id=1888, stack(0x000000954bd00000,0x000000954be00000)]

Stack: [0x000000954bd00000,0x000000954be00000]
Native frames: (J=compiled Java code, j=interpreted, Vv=VM code, C=native code)
V  [jvm.dll+0x64b53a]
V  [jvm.dll+0x7fef54]
V  [jvm.dll+0x80070e]
V  [jvm.dll+0x800d63]
V  [jvm.dll+0x236a2b]
V  [jvm.dll+0x64843a]
V  [jvm.dll+0x63ce8a]
V  [jvm.dll+0x2f5629]
V  [jvm.dll+0x2fc826]
V  [jvm.dll+0x348eea]
V  [jvm.dll+0x34912f]
V  [jvm.dll+0x2cb9a8]
V  [jvm.dll+0x2cc939]
V  [jvm.dll+0x7d2cd1]
V  [jvm.dll+0x3563c1]
V  [jvm.dll+0x7b32ae]
V  [jvm.dll+0x3d38d3]
V  [jvm.dll+0x3d52c1]
C  [jli.dll+0x51bf]
C  [ucrtbase.dll+0x21542]
C  [KERNEL32.DLL+0x16fd4]
C  [ntdll.dll+0x4cec1]


---------------  P R O C E S S  ---------------

Threads class SMR info:
_java_thread_list=0x00007ffe3813c858, length=0, elements={
}

Java Threads: ( => current thread )

Other Threads:
  0x00000292d4acd290 GCTaskThread "GC Thread#0" [stack: 0x000000954be00000,0x000000954bf00000] [id=6320]
  0x00000292d4addd30 ConcurrentGCThread "G1 Main Marker" [stack: 0x000000954bf00000,0x000000954c000000] [id=8968]
  0x00000292d4ae0670 ConcurrentGCThread "G1 Conc#0" [stack: 0x000000954c000000,0x000000954c100000] [id=14380]

[error occurred during error reporting (printing all threads), id 0xc0000005, EXCEPTION_ACCESS_VIOLATION (0xc0000005) at pc=0x00007ffe3792cc47]

VM state: not at safepoint (not fully initialized)

VM Mutex/Monitor currently owned by a thread:  ([mutex/lock_event])
[0x00000292d4a6eeb0] Heap_lock - owner thread: 0x00000292d4a72010

Heap address: 0x0000000081a00000, size: 2022 MB, Compressed Oops mode: 32-bit

CDS archive(s) mapped at: [0x0000000000000000-0x0000000000000000-0x0000000000000000), size 0, SharedBaseAddress: 0x0000000800000000, ArchiveRelocationMode: 0.
Narrow klass base: 0x0000000000000000, Narrow klass shift: 0, Narrow klass range: 0x0

GC Precious Log:
<Empty>

Heap:
 garbage-first heap   total 0K, used 0K [0x0000000081a00000, 0x0000000100000000)
  region size 1024K, 0 young (0K), 0 survivors (0K)

[error occurred during error reporting (printing heap information), id 0xc0000005, EXCEPTION_ACCESS_VIOLATION (0xc0000005) at pc=0x00007ffe37cf3419]

GC Heap History (0 events):
No events

Dll operation events (1 events):
Event: 0.008 Loaded shared library C:\Program Files\Amazon Corretto\jdk17.0.7_7\bin\java.dll

Deoptimization events (0 events):
No events

Classes unloaded (0 events):
No events

Classes redefined (0 events):
No events

Internal exceptions (0 events):
No events

VM Operations (0 events):
No events

Events (0 events):
No events


Dynamic libraries:
0x00007ff7e2ba0000 - 0x00007ff7e2bad000 	C:\Program Files\Amazon Corretto\jdk17.0.7_7\bin\javaw.exe
0x00007ffe6fe70000 - 0x00007ffe70064000 	C:\Windows\SYSTEM32\ntdll.dll
0x00007ffe6e580000 - 0x00007ffe6e63d000 	C:\Windows\System32\KERNEL32.DLL
0x00007ffe6da90000 - 0x00007ffe6dd57000 	C:\Windows\System32\KERNELBASE.dll
0x00007ffe6dd60000 - 0x00007ffe6de60000 	C:\Windows\System32\ucrtbase.dll
0x00007ffe64920000 - 0x00007ffe64937000 	C:\Program Files\Amazon Corretto\jdk17.0.7_7\bin\jli.dll
0x00007ffe3a720000 - 0x00007ffe3a735000 	C:\Program Files\Amazon Corretto\jdk17.0.7_7\bin\VCRUNTIME140.dll
0x00007ffe6f430000 - 0x00007ffe6f5d0000 	C:\Windows\System32\USER32.dll
0x00007ffe6d9b0000 - 0x00007ffe6d9d2000 	C:\Windows\System32\win32u.dll
0x00007ffe6f190000 - 0x00007ffe6f1ba000 	C:\Windows\System32\GDI32.dll
0x00007ffe5af40000 - 0x00007ffe5b1da000 	C:\Windows\WinSxS\amd64_microsoft.windows.common-controls_6595b64144ccf1df_6.0.19041.1_none_b555e41d4684ddec\COMCTL32.dll
0x00007ffe6d6b0000 - 0x00007ffe6d7b9000 	C:\Windows\System32\gdi32full.dll
0x00007ffe6fd90000 - 0x00007ffe6fe2e000 	C:\Windows\System32\msvcrt.dll
0x00007ffe6d5c0000 - 0x00007ffe6d65d000 	C:\Windows\System32\msvcp_win.dll
0x00007ffe6f0b0000 - 0x00007ffe6f0e0000 	C:\Windows\System32\IMM32.DLL
0x00007ffe5c0f0000 - 0x00007ffe5c18b000 	C:\Program Files\Amazon Corretto\jdk17.0.7_7\bin\msvcp140.dll
0x00007ffe37650000 - 0x00007ffe3826a000 	C:\Program Files\Amazon Corretto\jdk17.0.7_7\bin\server\jvm.dll
0x00007ffe6f360000 - 0x00007ffe6f40a000 	C:\Windows\System32\ADVAPI32.dll
0x00007ffe6f0e0000 - 0x00007ffe6f17b000 	C:\Windows\System32\sechost.dll
0x00007ffe6fa40000 - 0x00007ffe6fb63000 	C:\Windows\System32\RPCRT4.dll
0x00007ffe59650000 - 0x00007ffe59659000 	C:\Windows\SYSTEM32\WSOCK32.dll
0x00007ffe6f1c0000 - 0x00007ffe6f22b000 	C:\Windows\System32\WS2_32.dll
0x00007ffe5df40000 - 0x00007ffe5df67000 	C:\Windows\SYSTEM32\WINMM.dll
0x00007ffe60c10000 - 0x00007ffe60c1a000 	C:\Windows\SYSTEM32\VERSION.dll
0x00007ffe6b570000 - 0x00007ffe6b583000 	C:\Windows\SYSTEM32\kernel.appcore.dll
0x00007ffe59220000 - 0x00007ffe5922a000 	C:\Program Files\Amazon Corretto\jdk17.0.7_7\bin\jimage.dll
0x00007ffe5eb90000 - 0x00007ffe5ed74000 	C:\Windows\SYSTEM32\DBGHELP.DLL
0x00007ffe5eb20000 - 0x00007ffe5eb4c000 	C:\Windows\SYSTEM32\dbgcore.DLL
0x00007ffe6de60000 - 0x00007ffe6dedf000 	C:\Windows\System32\bcryptPrimitives.dll
0x00007ffe5c9d0000 - 0x00007ffe5ca09000 	C:\Program Files\Amazon Corretto\jdk17.0.7_7\bin\jdwp.dll
0x00007ffe65b10000 - 0x00007ffe65b1e000 	C:\Program Files\Amazon Corretto\jdk17.0.7_7\bin\instrument.dll
0x00007ffe3a6f0000 - 0x00007ffe3a715000 	C:\Program Files\Amazon Corretto\jdk17.0.7_7\bin\java.dll

dbghelp: loaded successfully - version: 4.0.5 - missing functions: none
symbol engine: initialized successfully - sym options: 0x614 - pdb path: .;C:\Program Files\Amazon Corretto\jdk17.0.7_7\bin;C:\Windows\SYSTEM32;C:\Windows\WinSxS\amd64_microsoft.windows.common-controls_6595b64144ccf1df_6.0.19041.1_none_b555e41d4684ddec;C:\Program Files\Amazon Corretto\jdk17.0.7_7\bin\server

VM Arguments:
jvm_args: -XX:+ShowCodeDetailsInExceptionMessages -agentlib:jdwp=transport=dt_socket,suspend=y,address=localhost:58207 -javaagent:C:\Users\user\eclipse\jee-2023-06\eclipse\configuration\org.eclipse.osgi\430\0\.cp\lib\javaagent-shaded.jar -Dfile.encoding=UTF-8 
java_command: day05.Ex02_account
java_class_path (initial): C:\data\java\java_project\bin
Launcher Type: SUN_STANDARD

[Global flags]
     intx CICompilerCount                          = 3                                         {product} {ergonomic}
     uint ConcGCThreads                            = 1                                         {product} {ergonomic}
     uint G1ConcRefinementThreads                  = 4                                         {product} {ergonomic}
   size_t G1HeapRegionSize                         = 1048576                                   {product} {ergonomic}
    uintx GCDrainStackTargetSize                   = 64                                        {product} {ergonomic}
   size_t InitialHeapSize                          = 134217728                                 {product} {ergonomic}
   size_t MarkStackSize                            = 4194304                                   {product} {ergonomic}
   size_t MaxHeapSize                              = 2120220672                                {product} {ergonomic}
   size_t MinHeapDeltaBytes                        = 1048576                                   {product} {ergonomic}
   size_t MinHeapSize                              = 8388608                                   {product} {ergonomic}
    uintx NonNMethodCodeHeapSize                   = 5832780                                {pd product} {ergonomic}
    uintx NonProfiledCodeHeapSize                  = 122912730                              {pd product} {ergonomic}
    uintx ProfiledCodeHeapSize                     = 122912730                              {pd product} {ergonomic}
    uintx ReservedCodeCacheSize                    = 251658240                              {pd product} {ergonomic}
     bool SegmentedCodeCache                       = true                                      {product} {ergonomic}
     bool ShowCodeDetailsInExceptionMessages       = true                                   {manageable} {command line}
   size_t SoftMaxHeapSize                          = 2120220672                             {manageable} {ergonomic}
     bool UseCompressedClassPointers               = true                           {product lp64_product} {ergonomic}
     bool UseCompressedOops                        = true                           {product lp64_product} {ergonomic}
     bool UseG1GC                                  = true                                      {product} {ergonomic}
     bool UseLargePagesIndividualAllocation        = false                                  {pd product} {ergonomic}

Logging:
Log output configuration:
 #0: stdout all=warning uptime,level,tags
 #1: stderr all=off uptime,level,tags

Environment Variables:
JAVA_HOME=C:\Program Files\Amazon Corretto\jdk17.0.7_7
PATH=C:/Program Files/Amazon Corretto/jdk17.0.7_7/bin/server;C:/Program Files/Amazon Corretto/jdk17.0.7_7/bin;C:\Program Files\Amazon Corretto\jdk17.0.7_7\bin;C:\Windows\system32;C:\Windows;C:\Windows\System32\Wbem;C:\Windows\System32\WindowsPowerShell\v1.0\;C:\Windows\System32\OpenSSH\;C:\Program Files\Bandizip\;C:\Users\user\AppData\Local\Microsoft\WindowsApps;;C:\Users\user\AppData\Local\Programs\Microsoft VS Code\bin;C:\Windows\System32;
USERNAME=user
OS=Windows_NT
PROCESSOR_IDENTIFIER=Intel64 Family 6 Model 58 Stepping 9, GenuineIntel
TMP=C:\Users\user\AppData\Local\Temp
TEMP=C:\Users\user\AppData\Local\Temp



---------------  S Y S T E M  ---------------

OS:
 Windows 10 , 64 bit Build 19041 (10.0.19041.207)
OS uptime: 2 days 8:25 hours

CPU: total 4 (initial active 4) (4 cores per cpu, 1 threads per core) family 6 model 58 stepping 9 microcode 0x21, cx8, cmov, fxsr, mmx, sse, sse2, sse3, ssse3, sse4.1, sse4.2, popcnt, tsc, tscinvbit, avx, aes, erms, clmul, vzeroupper, clflush

Memory: 4k page, system-wide physical 8086M (3516M free)
TotalPageFile size 22314M (AvailPageFile size 5M)
current process WorkingSet (physical memory assigned to process): 10M, peak: 10M
current process commit charge ("private bytes"): 51M, peak: 179M

vm_info: OpenJDK 64-Bit Server VM (17.0.7+7-LTS) for windows-amd64 JRE (17.0.7+7-LTS), built on Apr 14 2023 01:39:21 by "Administrator" with MS VC++ 15.9 (VS2017)

END.
